Original literal count: 14960
Added gate: st_0
Input list: 2 4 6 8 10 12 14 16 
b c d e f g_ h + b_ c_ d_ e f g_ i + c d_ e_ f g h i + c d_ e f g_ h i + b c d_ e_ f_ h_ i + b_ c_ d_ e_ f g h i + b c d e_ f_ g h i + b_ c d e_ f_ g h i + b c_ d e_ f_ g h i + b_ c_ d e_ f_ g h i + b_ c d_ e_ f_ g h i + b c_ d e f g_ h i + b_ c d e f_ g_ h i + b c_ d_ e_ f_ g h_ i + b c d e_ f g_ h_ i + b_ c_ d e_ f g_ h_ i + b c d_ e f_ g_ h_ i + b c_ d_ e f_ g_ h_ i + b_ c_ d_ e f_ g_ h_ i + b_ c d e f_ g h i_ + b c_ d e_ f_ g h i_ + b_ c d e f g h_ i_ + b c_ d e_ f_ g h_ i_ 
Return: 18
------------
Added gate: st_1
Input list: 4 6 8 10 12 14 16 
c d e f g_ h + c d_ e_ f_ h_ i + c d e_ f_ g h i + c_ d e_ f_ g h i + c_ d e f g_ h i + c_ d_ e_ f_ g h_ i + c d e_ f g_ h_ i + c d_ e f_ g_ h_ i + c_ d_ e f_ g_ h_ i + c_ d e_ f_ g h i_ + c_ d e_ f_ g h_ i_ 
Return: 20
------------
Added gate: st_2
Input list: 6 8 10 12 14 16 
d e f g_ h + d_ e_ f_ h_ i + d e_ f_ g h i + d e_ f g_ h_ i + d_ e f_ g_ h_ i 
Return: 22
------------
Added gate: st_3
Input list: 6 8 10 14 12 
d_ e_ f_ h_ + d e_ f_ g h + d e_ f g_ h_ + d_ e f_ g_ h_ 
Return: 24
------------
Added gate: st_4
Input list: 6 10 14 12 
d_ f_ h_ + d f_ g h + d f g_ h_ 
Return: 26
------------
Added gate: st_5
Input list: 6 14 12 
d_ h_ + d g h 
Return: 28
------------
Added gate: st_6
Input list: 4 8 10 14 16 2 6 12 
c e_ f h i + b c d e g i + b_ d_ e f_ g i + b c_ d_ f_ h i + b d_ e_ g_ h i + d_ e_ f g h_ i + b c_ d_ e f g h + b c d_ e_ f_ g i + b c d_ e f_ h i + c d e f g h i + b d e_ f g h i + b c_ e f_ g_ h i + c d_ e_ f_ g_ h i + b_ c_ d e_ f_ h_ i + b_ c_ e f g h_ i + b_ c e f_ g h_ i + b_ c_ d e_ f_ g i_ + b c d e_ g h i_ + c_ d_ e f g h i_ + c_ d_ e f_ g h i_ + c_ d_ e f_ g_ h i_ + b_ c_ d_ e g h_ i_ + b_ c_ d_ e f g h i + b_ c_ d e_ f g h i + b c d e_ f_ g h i + b_ c_ d e_ f_ g h i + b c_ d e f g_ h i + b_ c_ d_ e_ f g_ h i + b_ c_ d e f_ g_ h i + b_ c d_ e f_ g_ h i + b c_ d e_ f_ g_ h i + b_ c_ d e_ f_ g_ h i + b_ c d_ e f g h_ i + b c_ d_ e f g h_ i + b_ c_ d e_ f g h_ i + b c_ d_ e f_ g h_ i + b c d e_ f_ g h_ i + b c_ d e_ f_ g h_ i + b_ c_ d_ e_ f_ g h_ i + b c_ d e f g_ h_ i + b_ c d e_ f g_ h_ i + b c_ d e_ f g_ h_ i + b c d_ e_ f g_ h_ i + b_ c d_ e_ f g_ h_ i + b_ c_ d_ e f_ g_ h_ i + b c d e_ f_ g_ h_ i + b c d_ e_ f_ g_ h_ i + b c d e f g h i_ + b c_ d e f g h i_ + b c d_ e f g h i_ + b_ c d_ e f g h i_ + b_ c d_ e_ f g h i_ + b_ c_ d_ e_ f g h i_ + b_ c d_ e f_ g h i_ + b c d e f g_ h i_ + b_ c d e f g_ h i_ + b c_ d e f g_ h i_ + b_ c_ d e f g_ h i_ + b c_ d_ e f g_ h i_ + b c d e_ f_ g_ h i_ + b c d e f g h_ i_ + b c d_ e f g h_ i_ + b c_ d e_ f g h_ i_ + b_ c_ d_ e_ f g h_ i_ + b_ c d_ e f_ g h_ i_ + b c d e_ f_ g h_ i_ 
Return: 30
------------
Added gate: st_7
Input list: 2 6 10 14 16 8 12 
b d_ f_ h i + b d_ e f g h + b e f_ g_ h i + b_ d e_ f_ h_ i + b_ e f g h_ i + b_ d e_ f_ g i_ + d_ e f g h i_ + d_ e f_ g h i_ + d_ e f_ g_ h i_ + b_ d_ e g h_ i_ + b_ d_ e f g h i + b_ d e_ f g h i + b_ d e_ f_ g h i + b d e f g_ h i + b_ d_ e_ f g_ h i + b_ d e f_ g_ h i + b d e_ f_ g_ h i + b_ d e_ f_ g_ h i + b d_ e f g h_ i + b_ d e_ f g h_ i + b d_ e f_ g h_ i + b d e_ f_ g h_ i + b_ d_ e_ f_ g h_ i + b d e f g_ h_ i + b d e_ f g_ h_ i + b_ d_ e f_ g_ h_ i + b d e f g h i_ + b_ d_ e_ f g h i_ + b d e f g_ h i_ + b_ d e f g_ h i_ + b d_ e f g_ h i_ + b d e_ f g h_ i_ + b_ d_ e_ f g h_ i_ 
Return: 32
------------
Added gate: st_8
Input list: 6 8 10 14 16 12 
d e_ f_ h_ i + e f g h_ i + d e_ f_ g i_ + d_ e g h_ i_ + d_ e f g h i + d e_ f g h i + d e_ f_ g h i + d_ e_ f g_ h i + d e f_ g_ h i + d e_ f_ g_ h i + d e_ f g h_ i + d_ e_ f_ g h_ i + d_ e f_ g_ h_ i + d_ e_ f g h i_ + d e f g_ h i_ + d_ e_ f g h_ i_ 
Return: 34
------------
Added gate: st_9
Input list: 8 10 14 16 12 
e_ f_ h_ i + e_ f_ g i_ + e_ f g h i + e_ f_ g h i + e f_ g_ h i + e_ f_ g_ h i + e_ f g h_ i + e f g_ h i_ 
Return: 36
------------
Added gate: st_10
Input list: 10 14 16 12 
f_ h_ i + f_ g i_ + f g h i + f_ g h i + f_ g_ h i + f g h_ i 
Return: 38
------------
Added gate: st_11
Input list: 14 16 12 
h_ i + g i_ + g h i + g_ h i 
Return: 40
------------
Added gate: st_12
Input list: 14 12 
h_ + g h + g_ h 
Return: 42
------------
Added gate: st_13
Input list: 12 
g + g_ 
Return: 44
------------
