Original literal count: 14710
Added gate: st_0
Input list: 2 4 6 8 10 12 14 16 18 
b c_ d e_ f g h i j + b_ c d e f g_ h i j + b c d e f_ g_ h i j + b_ c d_ e f_ g_ h i j + b c d_ e_ f_ g_ h i j + b_ c_ d_ e_ f_ g_ h i j + b c_ d e f g h_ i j + b c_ d_ e f g h_ i j + b c d e_ f g h_ i j + b c d e f_ g h_ i j + b_ c d_ e f_ g h_ i j + b c d e_ f_ g h_ i j + b_ c_ d e_ f_ g h_ i j + b c d e f g_ h_ i j + b_ c d e f g_ h_ i j + b_ c_ d e f g_ h_ i j + b c_ d e f_ g_ h_ i j + b_ c_ d e f_ g_ h_ i j + b_ c_ d e_ f g h i_ j + b c d e f_ g h i_ j + b_ c_ d_ e f_ g h i_ j + b_ c d e f g_ h i_ j + b_ c_ d e f g_ h i_ j + b_ c_ d e f g h_ i_ j + b c_ d_ e_ f g h_ i_ j + b_ c d_ e f_ g h_ i_ j + b_ c d e_ f_ g h_ i_ j + b_ c d e f_ g_ h_ i_ j + b_ c d_ e f_ g_ h_ i_ j + b c d e_ f_ g_ h_ i_ j + b c d_ e_ f_ g_ h_ i_ j + b_ c_ d_ e_ f_ g_ h_ i_ j + b_ c_ d e f g h i j_ + b_ c_ d_ e f g h i j_ + b c d e_ f g h i j_ + b c_ d_ e f_ g h i j_ + b c_ d_ e_ f_ g h i j_ + b c d e f g_ h i j_ + b_ c_ d_ e f g_ h i j_ + b_ c_ d_ e_ f g_ h i j_ + b c_ d_ e_ f_ g_ h i j_ + b_ c d e f g h_ i j_ + b_ c_ d e f g h_ i j_ + b_ c d e_ f g h_ i j_ + b c d_ e f_ g h_ i j_ + b c_ d e_ f_ g h_ i j_ + b c d e f g_ h_ i j_ + b_ c_ d e f g_ h_ i j_ + b_ c_ d e_ f g_ h_ i j_ + b_ c d_ e f_ g_ h_ i j_ + b_ c_ d_ e f_ g_ h_ i j_ + b_ c_ d e_ f_ g_ h_ i j_ + b_ c_ d e_ f g h i_ j_ + b c d e_ f_ g h i_ j_ + b_ c_ d_ e_ f_ g h i_ j_ + b_ c_ d e_ f g_ h i_ j_ + b c_ d_ e_ f g_ h i_ j_ + b c d e f_ g_ h i_ j_ + b c_ d e f_ g_ h i_ j_ + b_ c_ d e_ f_ g_ h i_ j_ + b c_ d_ e_ f_ g_ h i_ j_ + b c d e f g h_ i_ j_ + b_ c d e f g h_ i_ j_ + b c_ d_ e f g h_ i_ j_ + b c d_ e f_ g h_ i_ j_ + b c_ d e f_ g_ h_ i_ j_ + b c d_ e_ f_ g_ h_ i_ j_ + b_ c_ d_ e_ f_ g_ h_ i_ j_ 
Return: 20
------------
Added gate: st_1
Input list: 4 6 8 10 12 14 16 18 
c d e f g_ h i j + c d_ e f_ g_ h i j + c_ d_ e_ f_ g_ h i j + c d_ e f_ g h_ i j + c_ d e_ f_ g h_ i j + c d e f g_ h_ i j + c_ d e f g_ h_ i j + c_ d e f_ g_ h_ i j + c_ d e_ f g h i_ j + c_ d_ e f_ g h i_ j + c d e f g_ h i_ j + c_ d e f g_ h i_ j + c_ d e f g h_ i_ j + c d_ e f_ g h_ i_ j + c d e_ f_ g h_ i_ j + c d e f_ g_ h_ i_ j + c d_ e f_ g_ h_ i_ j + c_ d_ e_ f_ g_ h_ i_ j + c_ d e f g h i j_ + c_ d_ e f g h i j_ + c_ d_ e f g_ h i j_ + c_ d_ e_ f g_ h i j_ + c d e f g h_ i j_ + c_ d e f g h_ i j_ + c d e_ f g h_ i j_ + c_ d e f g_ h_ i j_ + c_ d e_ f g_ h_ i j_ + c d_ e f_ g_ h_ i j_ + c_ d_ e f_ g_ h_ i j_ + c_ d e_ f_ g_ h_ i j_ + c_ d e_ f g h i_ j_ + c_ d_ e_ f_ g h i_ j_ + c_ d e_ f g_ h i_ j_ + c_ d e_ f_ g_ h i_ j_ + c d e f g h_ i_ j_ + c_ d_ e_ f_ g_ h_ i_ j_ 
Return: 22
------------
Added gate: st_2
Input list: 6 8 10 12 14 16 18 
d_ e_ f_ g_ h i j + d e_ f_ g h_ i j + d e f g_ h_ i j + d e f_ g_ h_ i j + d e_ f g h i_ j + d_ e f_ g h i_ j + d e f g_ h i_ j + d e f g h_ i_ j + d_ e_ f_ g_ h_ i_ j + d e f g h i j_ + d_ e f g h i j_ + d_ e f g_ h i j_ + d_ e_ f g_ h i j_ + d e f g h_ i j_ + d e f g_ h_ i j_ + d e_ f g_ h_ i j_ + d_ e f_ g_ h_ i j_ + d e_ f_ g_ h_ i j_ + d e_ f g h i_ j_ + d_ e_ f_ g h i_ j_ + d e_ f g_ h i_ j_ + d e_ f_ g_ h i_ j_ + d_ e_ f_ g_ h_ i_ j_ 
Return: 24
------------
Added gate: st_3
Input list: 8 10 12 14 16 18 
e_ f_ g h_ i j + e f g_ h_ i j + e f_ g_ h_ i j + e_ f g h i_ j + e f g_ h i_ j + e f g h_ i_ j + e f g h i j_ + e f g h_ i j_ + e f g_ h_ i j_ + e_ f g_ h_ i j_ + e_ f_ g_ h_ i j_ + e_ f g h i_ j_ + e_ f g_ h i_ j_ + e_ f_ g_ h i_ j_ 
Return: 26
------------
Added gate: st_4
Input list: 8 10 12 16 18 
e_ f_ g i j + e f g_ i j + e f_ g_ i j + e f g i_ j + e f g i j_ + e f g_ i j_ + e_ f g_ i j_ + e_ f_ g_ i j_ 
Return: 28
------------
Added gate: st_5
Input list: 10 12 16 18 
f g_ i j + f_ g_ i j + f g i_ j + f g i j_ + f g_ i j_ 
Return: 30
------------
Added gate: st_6
Input list: 12 16 18 
g_ i j + g i_ j + g i j_ + g_ i j_ 
Return: 32
------------
Added gate: st_7
Input list: 12 18 
g_ j + g j_ + g_ j_ 
Return: 34
------------
Added gate: st_8
Input list: 18 
j + j_ 
Return: 36
------------
Added gate: st_9
Input list: 2 4 6 8 10 12 14 16 18 
b c d e f g h i j + b_ c_ d e_ f g h i j + b_ c d_ e_ f g h i j + b_ c_ d_ e_ f g h i j + b c d e f_ g h i j + b c d_ e_ f_ g h i j + b_ c d_ e_ f_ g h i j + b_ c_ d e f g_ h i j + b c d_ e f g_ h i j + b_ c d_ e_ f g_ h i j + b c_ d e f_ g_ h i j + b c_ d_ e f_ g_ h i j + b_ c_ d_ e f_ g_ h i j + b_ c d e_ f_ g_ h i j + b_ c d_ e_ f_ g_ h i j + b_ c_ d_ e_ f_ g_ h i j + b c d e_ f g h_ i j + b_ c d e_ f g h_ i j + b c d_ e_ f g h_ i j + b_ c d e f_ g h_ i j + b_ c_ d e f_ g h_ i j + b c_ d_ e_ f_ g h_ i j + b c_ d_ e f g_ h_ i j + b c_ d e f_ g_ h_ i j + b c_ d_ e f g h i_ j + b c_ d e f_ g h i_ j + b_ c_ d_ e f_ g h i_ j + b c d e_ f_ g h i_ j + b c_ d e f g_ h i_ j + b_ c d_ e f g_ h i_ j + b c d e_ f g_ h i_ j + b c_ d e_ f g_ h i_ j + b c d_ e_ f g_ h i_ j + b c_ d e_ f_ g_ h i_ j + b c_ d_ e_ f_ g_ h i_ j + b c d_ e f g h_ i_ j + b c_ d_ e f g h_ i_ j + b_ c d e_ f g h_ i_ j + b c_ d e_ f g h_ i_ j + b_ c d_ e_ f g h_ i_ j + b_ c d e f_ g h_ i_ j + b_ c_ d e_ f_ g h_ i_ j + b_ c d_ e_ f_ g h_ i_ j + b_ c_ d_ e_ f_ g h_ i_ j + b_ c d e f g_ h_ i_ j + b_ c d_ e_ f g_ h_ i_ j + b_ c d e f_ g_ h_ i_ j + b_ c_ d e_ f_ g_ h_ i_ j + b_ c_ d_ e_ f_ g_ h_ i_ j + b_ c_ d e f_ g h i j_ + b_ c d e_ f_ g h i j_ + b_ c_ d e_ f_ g h i j_ + b_ c d_ e_ f_ g h i j_ + b c d e f_ g_ h i j_ + b c_ d e_ f_ g_ h i j_ + b_ c_ d_ e_ f_ g_ h i j_ + b c d_ e f g h_ i j_ + b c_ d e f_ g h_ i j_ + b_ c d e f g_ h_ i j_ + b c_ d e f g_ h_ i j_ + b_ c d e_ f g_ h_ i j_ + b c d_ e_ f g_ h_ i j_ + b c d_ e_ f_ g_ h_ i j_ + b_ c d_ e_ f_ g_ h_ i j_ + b_ c_ d_ e_ f_ g_ h_ i j_ + b c_ d e f g h i_ j_ + b_ c d_ e f g h i_ j_ + b c_ d_ e f g h i_ j_ + b_ c_ d_ e f g h i_ j_ + b_ c d_ e_ f g h i_ j_ + b_ c_ d e f_ g h i_ j_ + b_ c d e_ f_ g h i_ j_ + b c d e f_ g_ h i_ j_ + b c_ d_ e f_ g_ h i_ j_ + b_ c d e f g h_ i_ j_ + b c d e_ f g h_ i_ j_ + b_ c_ d e_ f g h_ i_ j_ + b c d_ e_ f g h_ i_ j_ + b c_ d e f_ g h_ i_ j_ + b_ c_ d_ e f_ g h_ i_ j_ + b_ c_ d_ e_ f_ g h_ i_ j_ + b_ c d e f g_ h_ i_ j_ + b c_ d_ e f g_ h_ i_ j_ + b_ c_ d_ e f_ g_ h_ i_ j_ 
Return: 38
------------
Added gate: st_10
Input list: 4 6 8 10 12 14 16 18 
c_ d e_ f g h i j + c d_ e_ f g h i j + c_ d_ e_ f g h i j + c d_ e_ f_ g h i j + c_ d e f g_ h i j + c d_ e_ f g_ h i j + c_ d_ e f_ g_ h i j + c d e_ f_ g_ h i j + c d_ e_ f_ g_ h i j + c_ d_ e_ f_ g_ h i j + c d e_ f g h_ i j + c d e f_ g h_ i j + c_ d e f_ g h_ i j + c_ d_ e f_ g h i_ j + c d_ e f g_ h i_ j + c d e_ f g h_ i_ j + c d_ e_ f g h_ i_ j + c d e f_ g h_ i_ j + c_ d e_ f_ g h_ i_ j + c d_ e_ f_ g h_ i_ j + c_ d_ e_ f_ g h_ i_ j + c d e f g_ h_ i_ j + c d_ e_ f g_ h_ i_ j + c d e f_ g_ h_ i_ j + c_ d e_ f_ g_ h_ i_ j + c_ d_ e_ f_ g_ h_ i_ j + c_ d e f_ g h i j_ + c d e_ f_ g h i j_ + c_ d e_ f_ g h i j_ + c d_ e_ f_ g h i j_ + c_ d_ e_ f_ g_ h i j_ + c d e f g_ h_ i j_ + c d e_ f g_ h_ i j_ + c d_ e_ f_ g_ h_ i j_ + c_ d_ e_ f_ g_ h_ i j_ + c d_ e f g h i_ j_ + c_ d_ e f g h i_ j_ + c d_ e_ f g h i_ j_ + c_ d e f_ g h i_ j_ + c d e_ f_ g h i_ j_ + c d e f g h_ i_ j_ + c_ d e_ f g h_ i_ j_ + c_ d_ e f_ g h_ i_ j_ + c_ d_ e_ f_ g h_ i_ j_ + c d e f g_ h_ i_ j_ + c_ d_ e f_ g_ h_ i_ j_ 
Return: 40
------------
Added gate: st_11
Input list: 6 8 10 12 14 16 18 
d_ e_ f g h i j + d_ e_ f_ g h i j + d_ e_ f g_ h i j + d e_ f_ g_ h i j + d_ e_ f_ g_ h i j + d e_ f g h_ i j + d e f_ g h_ i j + d_ e f g_ h i_ j + d e_ f g h_ i_ j + d_ e_ f g h_ i_ j + d e f_ g h_ i_ j + d_ e_ f_ g h_ i_ j + d e f g_ h_ i_ j + d_ e_ f g_ h_ i_ j + d e f_ g_ h_ i_ j + d e_ f_ g h i j_ + d_ e_ f_ g h i j_ + d e f g_ h_ i j_ + d e_ f g_ h_ i j_ + d_ e_ f_ g_ h_ i j_ + d_ e f g h i_ j_ + d_ e_ f g h i_ j_ + d e_ f_ g h i_ j_ + d e f g h_ i_ j_ + d e f g_ h_ i_ j_ 
Return: 42
------------
Added gate: st_12
Input list: 8 10 12 14 16 18 
e_ f_ g_ h i j + e_ f g h_ i j + e f_ g h_ i j + e_ f g h_ i_ j + e f_ g h_ i_ j + e f g_ h_ i_ j + e f_ g_ h_ i_ j + e_ f_ g h i j_ + e f g_ h_ i j_ + e_ f g_ h_ i j_ + e_ f_ g h i_ j_ + e f g h_ i_ j_ + e f g_ h_ i_ j_ 
Return: 44
------------
Added gate: st_13
Input list: 10 12 14 16 18 
f_ g_ h i j + f g h_ i j + f g h_ i_ j + f_ g h i j_ + f g_ h_ i j_ + f_ g h i_ j_ 
Return: 46
------------
Added gate: st_14
Input list: 10 14 16 18 
f h_ i j + f h_ i_ j + f_ h i j_ + f_ h i_ j_ 
Return: 48
------------
Added gate: st_15
Input list: 10 14 18 
f h_ j + f_ h j_ 
Return: 50
------------
Added gate: st_16
Input list: 16 
i + i_ 
Return: 52
------------
Added gate: st_17
Input list: 2 4 6 8 10 12 14 16 18 
b c_ d e f g h i j + b c_ d_ e f g h i j + b_ c_ d e_ f g h i j + b c_ d e f_ g h i j + b_ c_ d_ e f_ g h i j + b c_ d e f g_ h i j + b c_ d_ e f g_ h i j + b c_ d_ e_ f g_ h i j + b c d e_ f_ g_ h i j + b_ c d_ e_ f_ g_ h i j + b c d_ e f g h_ i j + b_ c d e_ f g h_ i j + b_ c d_ e_ f g h_ i j + b c d e f_ g h_ i j + b c_ d e f_ g h_ i j + b c_ d_ e f_ g h_ i j + b c d e_ f_ g h_ i j + b_ c d e_ f_ g h_ i j + b c_ d e_ f_ g h_ i j + b_ c_ d e_ f_ g h_ i j + b c d e f g_ h_ i j + b c_ d e_ f g_ h_ i j + b_ c_ d_ e_ f g_ h_ i j + b c d e f g h i_ j + b_ c d e_ f g h i_ j + b_ c_ d_ e_ f g h i_ j + b c_ d_ e f_ g h i_ j + b c_ d_ e_ f_ g h i_ j + b c d e f g_ h i_ j + b c_ d e f_ g_ h i_ j + b_ c d_ e f_ g_ h i_ j + b c_ d_ e f_ g_ h i_ j + b_ c_ d_ e f_ g_ h i_ j + b_ c d e_ f_ g_ h i_ j + b_ c_ d e f g h_ i_ j + b_ c_ d_ e_ f g h_ i_ j + b_ c d e f_ g h_ i_ j + b c_ d e f_ g h_ i_ j + b c d_ e_ f_ g h_ i_ j + b c_ d_ e_ f_ g h_ i_ j + b_ c d e f g_ h_ i_ j + b_ c_ d e f g_ h_ i_ j + b_ c d_ e f g_ h_ i_ j + b c d_ e_ f g_ h_ i_ j + b_ c_ d_ e f_ g_ h_ i_ j + b_ c d e_ f_ g_ h_ i_ j + b c_ d_ e_ f_ g_ h_ i_ j + b c d e f g h i j_ + b_ c d e f g h i j_ + b_ c_ d e f_ g h i j_ + b_ c_ d_ e f_ g h i j_ + b_ c_ d e_ f_ g h i j_ + b_ c d_ e_ f_ g h i j_ + b c d_ e f g_ h i j_ + b_ c d_ e_ f g_ h i j_ + b c_ d e_ f_ g_ h i j_ + b_ c_ d_ e f g h_ i j_ + b c d e_ f g h_ i j_ + b c d_ e_ f g h_ i j_ + b_ c_ d e f_ g h_ i j_ + b_ c d_ e f_ g h_ i j_ + b c_ d e_ f_ g h_ i j_ + b_ c d_ e_ f_ g h_ i j_ + b_ c d e f g_ h_ i j_ + b_ c_ d_ e f g_ h_ i j_ + b c d e_ f g_ h_ i j_ + b c_ d e_ f g_ h_ i j_ + b c_ d e f_ g_ h_ i j_ + b_ c_ d e f_ g_ h_ i j_ + b c d e_ f g h i_ j_ + b c_ d e f_ g h i_ j_ + b c_ d e_ f_ g h i_ j_ + b c_ d e f g_ h i_ j_ + b c_ d_ e_ f g_ h i_ j_ + b c_ d_ e f_ g_ h i_ j_ + b c_ d_ e_ f_ g_ h i_ j_ + b c_ d e f g h_ i_ j_ + b_ c d_ e_ f g h_ i_ j_ + b c_ d_ e_ f g h_ i_ j_ + b_ c_ d_ e_ f g h_ i_ j_ + b_ c d_ e f_ g h_ i_ j_ + b c d_ e_ f_ g h_ i_ j_ + b c_ d_ e f g_ h_ i_ j_ + b c d e f_ g_ h_ i_ j_ 
Return: 54
------------
Added gate: st_18
Input list: 4 6 8 10 12 14 16 18 
c_ d e f g h i j + c_ d_ e f g h i j + c_ d e f_ g h i j + c_ d e f g_ h i j + c_ d_ e f g_ h i j + c_ d_ e_ f g_ h i j + c d e_ f_ g_ h i j + c d_ e f g h_ i j + c d e f_ g h_ i j + c_ d e f_ g h_ i j + c_ d_ e f_ g h_ i j + c d e_ f_ g h_ i j + c_ d e_ f_ g h_ i j + c d e f g_ h_ i j + c_ d e_ f g_ h_ i j + c d e f g h i_ j + c_ d_ e f_ g h i_ j + c_ d_ e_ f_ g h i_ j + c d e f g_ h i_ j + c_ d e f_ g_ h i_ j + c_ d_ e f_ g_ h i_ j + c_ d e f_ g h_ i_ j + c d_ e_ f_ g h_ i_ j + c_ d_ e_ f_ g h_ i_ j + c d_ e_ f g_ h_ i_ j + c_ d_ e_ f_ g_ h_ i_ j + c d e f g h i j_ + c d_ e f g_ h i j_ + c_ d e_ f_ g_ h i j_ + c d e_ f g h_ i j_ + c d_ e_ f g h_ i j_ + c_ d e_ f_ g h_ i j_ + c d e_ f g_ h_ i j_ + c_ d e_ f g_ h_ i j_ + c_ d e f_ g_ h_ i j_ + c d e_ f g h i_ j_ + c_ d e f_ g h i_ j_ + c_ d e_ f_ g h i_ j_ + c_ d e f g_ h i_ j_ + c_ d_ e_ f g_ h i_ j_ + c_ d_ e f_ g_ h i_ j_ + c_ d_ e_ f_ g_ h i_ j_ + c_ d e f g h_ i_ j_ + c_ d_ e_ f g h_ i_ j_ + c d_ e_ f_ g h_ i_ j_ + c_ d_ e f g_ h_ i_ j_ + c d e f_ g_ h_ i_ j_ 
Return: 56
------------
Added gate: st_19
Input list: 6 8 10 12 14 16 18 
d e f g h i j + d_ e f g h i j + d e f_ g h i j + d e f g_ h i j + d_ e f g_ h i j + d_ e_ f g_ h i j + d e f_ g h_ i j + d_ e f_ g h_ i j + d e_ f_ g h_ i j + d e_ f g_ h_ i j + d_ e f_ g h i_ j + d_ e_ f_ g h i_ j + d e f_ g_ h i_ j + d_ e f_ g_ h i_ j + d e f_ g h_ i_ j + d_ e_ f_ g h_ i_ j + d_ e_ f_ g_ h_ i_ j + d e_ f_ g_ h i j_ + d e_ f_ g h_ i j_ + d e_ f g_ h_ i j_ + d e f_ g_ h_ i j_ + d e f_ g h i_ j_ + d e_ f_ g h i_ j_ + d e f g_ h i_ j_ + d_ e_ f g_ h i_ j_ + d_ e f_ g_ h i_ j_ + d_ e_ f_ g_ h i_ j_ + d e f g h_ i_ j_ + d_ e_ f g h_ i_ j_ + d_ e f g_ h_ i_ j_ 
Return: 58
------------
Added gate: st_20
Input list: 8 10 12 14 16 18 
e f g h i j + e f_ g h i j + e f g_ h i j + e f_ g h_ i j + e_ f_ g h_ i j + e_ f g_ h_ i j + e f_ g_ h i_ j + e f_ g h_ i_ j + e_ f_ g_ h i j_ + e_ f_ g h_ i j_ + e_ f g_ h_ i j_ + e f_ g_ h_ i j_ + e f_ g h i_ j_ + e_ f_ g h i_ j_ + e f g_ h i_ j_ + e f g h_ i_ j_ 
Return: 60
------------
Added gate: st_21
Input list: 10 12 14 16 18 
f g h i j + f_ g h i j + f g_ h i j + f_ g h_ i j + f_ g_ h i_ j + f_ g h_ i_ j + f_ g_ h_ i j_ + f_ g h i_ j_ + f g_ h i_ j_ + f g h_ i_ j_ 
Return: 62
------------
Added gate: st_22
Input list: 10 12 14 16 
f g h i + f_ g h i + f g_ h i + f_ g h_ i + f_ g_ h i_ + f_ g h_ i_ 
Return: 64
------------
Added gate: st_23
Input list: 10 14 16 
f h i + f_ h i + f_ h_ i + f_ h_ i_ 
Return: 66
------------
Added gate: st_24
Input list: 10 14 
f h + f_ h + f_ h_ 
Return: 68
------------
Added gate: st_25
Input list: 10 
f + f_ 
Return: 70
------------
Added gate: st_26
Input list: 2 4 6 8 10 12 14 16 18 
b_ c d e f g h i j + b_ c d e_ f g h i j + b_ c d_ e_ f g h i j + b_ c_ d_ e f_ g h i j + b_ c_ d e_ f_ g h i j + b_ c_ d_ e_ f_ g h i j + b c_ d_ e_ f g_ h i j + b_ c d e f_ g_ h i j + b_ c d e f_ g h_ i j + b_ c_ d e f_ g h_ i j + b_ c_ d e_ f_ g h_ i j + b_ c_ d_ e_ f_ g h_ i j + b c d_ e f g_ h_ i j + b_ c d e_ f g_ h_ i j + b c_ d e_ f g_ h_ i j + b c d e f_ g_ h_ i j + b_ c_ d e_ f_ g_ h_ i j + b c d_ e f g h i_ j + b c_ d_ e f g h i_ j + b_ c d e f_ g h i_ j + b c_ d e f_ g h i_ j + b c d_ e f_ g h i_ j + b_ c_ d_ e_ f_ g h i_ j + b c d e f g_ h i_ j + b c d_ e f_ g_ h i_ j + b_ c d_ e f_ g_ h i_ j + b_ c d e_ f_ g_ h i_ j + b_ c_ d e_ f_ g_ h i_ j + b_ c d e f g h_ i_ j + b c_ d e_ f g h_ i_ j + b_ c d_ e_ f g h_ i_ j + b_ c d e f_ g h_ i_ j + b_ c d_ e f_ g h_ i_ j + b_ c d e f g_ h_ i_ j + b c d_ e f g h i j_ + b c d_ e f_ g h i j_ + b_ c d e_ f_ g h i j_ + b_ c_ d e_ f_ g h i j_ + b c d_ e_ f_ g h i j_ + b c_ d e_ f g_ h i j_ + b_ c_ d e f_ g_ h i j_ + b c_ d_ e_ f_ g h_ i j_ + b_ c_ d_ e_ f_ g h_ i j_ + b_ c d e f g_ h_ i j_ + b_ c_ d e f g_ h_ i j_ + b c_ d e_ f g_ h_ i j_ + b c d_ e_ f g_ h_ i j_ + b c_ d_ e_ f g_ h_ i j_ + b c d e f_ g_ h_ i j_ + b_ c_ d e_ f_ g_ h_ i j_ + b c d e_ f g h i_ j_ + b c_ d e_ f g h i_ j_ + b c d e f_ g h i_ j_ + b_ c d e f_ g h i_ j_ + b_ c d_ e f_ g h i_ j_ + b_ c_ d_ e_ f_ g h i_ j_ + b c_ d e f g_ h i_ j_ + b c d_ e_ f g_ h i_ j_ + b_ c_ d_ e_ f g_ h i_ j_ + b_ c d e f g h_ i_ j_ + b c_ d_ e f g h_ i_ j_ + b c_ d e_ f g h_ i_ j_ + b c d_ e f_ g h_ i_ j_ + b_ c d_ e f_ g h_ i_ j_ + b c d_ e_ f_ g h_ i_ j_ + b_ c_ d e f_ g_ h_ i_ j_ + b c_ d_ e f_ g_ h_ i_ j_ + b_ c d_ e_ f_ g_ h_ i_ j_ 
Return: 72
------------
Added gate: st_27
Input list: 4 6 8 10 12 14 16 18 
c d e f g h i j + c d e_ f g h i j + c d_ e_ f g h i j + c_ d_ e f_ g h i j + c_ d e_ f_ g h i j + c_ d_ e_ f_ g h i j + c d e f_ g_ h i j + c d e f_ g h_ i j + c_ d e f_ g h_ i j + c_ d e_ f_ g h_ i j + c_ d_ e_ f_ g h_ i j + c d e_ f g_ h_ i j + c_ d e_ f_ g_ h_ i j + c d e f_ g h i_ j + c_ d_ e_ f_ g h i_ j + c d_ e f_ g_ h i_ j + c d e_ f_ g_ h i_ j + c_ d e_ f_ g_ h i_ j + c d e f g h_ i_ j + c d_ e_ f g h_ i_ j + c d e f_ g h_ i_ j + c d_ e f_ g h_ i_ j + c d e f g_ h_ i_ j + c d e_ f_ g h i j_ + c_ d e_ f_ g h i j_ + c_ d e f_ g_ h i j_ + c_ d_ e_ f_ g h_ i j_ + c d e f g_ h_ i j_ + c_ d e f g_ h_ i j_ + c_ d e_ f_ g_ h_ i j_ + c d e f_ g h i_ j_ + c d_ e f_ g h i_ j_ + c_ d_ e_ f_ g h i_ j_ + c_ d_ e_ f g_ h i_ j_ + c d e f g h_ i_ j_ + c d_ e f_ g h_ i_ j_ + c_ d e f_ g_ h_ i_ j_ + c d_ e_ f_ g_ h_ i_ j_ 
Return: 74
------------
Added gate: st_28
Input list: 6 8 10 12 14 16 18 
d e f g h i j + d e_ f g h i j + d_ e_ f g h i j + d e f_ g_ h i j + d e f_ g h_ i j + d e_ f g_ h_ i j + d e f_ g h i_ j + d_ e f_ g_ h i_ j + d e_ f_ g_ h i_ j + d e f g h_ i_ j + d_ e_ f g h_ i_ j + d e f_ g h_ i_ j + d_ e f_ g h_ i_ j + d e f g_ h_ i_ j + d e_ f_ g h i j_ + d e f g_ h_ i j_ + d e f_ g h i_ j_ + d_ e f_ g h i_ j_ + d e f g h_ i_ j_ + d_ e f_ g h_ i_ j_ + d_ e_ f_ g_ h_ i_ j_ 
Return: 76
------------
Added gate: st_29
Input list: 8 10 12 14 16 18 
e f g h i j + e_ f g h i j + e f_ g_ h i j + e f_ g h_ i j + e_ f g_ h_ i j + e f_ g h i_ j + e_ f_ g_ h i_ j + e f g h_ i_ j + e f_ g h_ i_ j + e f g_ h_ i_ j + e_ f_ g h i j_ + e f g_ h_ i j_ + e f_ g h i_ j_ + e f g h_ i_ j_ 
Return: 78
------------
Added gate: st_30
Input list: 10 12 14 16 18 
f g h i j + f_ g_ h i j + f_ g h_ i j + f_ g h i_ j + f g h_ i_ j + f_ g h_ i_ j + f g_ h_ i_ j + f g_ h_ i j_ + f_ g h i_ j_ + f g h_ i_ j_ 
Return: 80
------------
Added gate: st_31
Input list: 10 12 14 18 
f_ g h j + f g h_ j + f_ g h_ j + f g_ h_ j + f_ g h j_ + f g h_ j_ 
Return: 82
------------
Added gate: st_32
Input list: 10 14 18 
f_ h j + f h_ j + f_ h_ j + f_ h j_ + f h_ j_ 
Return: 84
------------
Added gate: st_33
Input list: 14 18 
h j + h_ j + h j_ 
Return: 86
------------
Added gate: st_34
Input list: 18 
j + j_ 
Return: 88
------------
Added gate: st_35
Input list: 2 4 6 8 10 12 14 16 18 
b c_ d_ e_ f g h i j + b_ c d e f_ g h i j + b c_ d e f_ g h i j + b_ c d e_ f_ g h i j + b c d_ e_ f_ g h i j + b c d_ e_ f g_ h i j + b c d e f_ g_ h i j + b_ c d_ e_ f_ g_ h i j + b c_ d e f g h_ i j + b_ c_ d e_ f g h_ i j + b c d e f_ g h_ i j + b c_ d e f_ g h_ i j + b_ c_ d_ e_ f_ g h_ i j + b_ c d_ e_ f g_ h_ i j + b_ c d_ e f_ g_ h_ i j + b c_ d_ e f_ g_ h_ i j + b c_ d e f_ g h i_ j + b_ c d_ e_ f_ g h i_ j + b_ c_ d e_ f g_ h i_ j + b c_ d_ e_ f g_ h i_ j + b c_ d e f_ g_ h i_ j + b c d e_ f_ g_ h i_ j + b_ c d_ e_ f_ g_ h i_ j + b c d e f g h_ i_ j + b c_ d e f g h_ i_ j + b c_ d_ e_ f g h_ i_ j + b_ c_ d e f_ g h_ i_ j + b_ c d_ e f_ g h_ i_ j + b c_ d_ e f_ g h_ i_ j + b c_ d_ e_ f g_ h_ i_ j + b_ c_ d e f_ g_ h_ i_ j + b c_ d_ e f_ g_ h_ i_ j + b c_ d e_ f_ g_ h_ i_ j + b_ c_ d_ e f g h i j_ + b_ c_ d e_ f g h i j_ + b c d_ e_ f g h i j_ + b_ c d_ e_ f g h i j_ + b c_ d e f_ g h i j_ + b c d_ e_ f_ g h i j_ + b_ c d e f g h_ i j_ + b_ c d_ e f g h_ i j_ + b c_ d_ e f g h_ i j_ + b c_ d_ e_ f g h_ i j_ + b c d e f_ g h_ i j_ + b_ c d_ e f_ g h_ i j_ + b c_ d_ e f_ g h_ i j_ + b_ c d_ e_ f_ g h_ i j_ + b c d_ e f g_ h_ i j_ + b c_ d e_ f g_ h_ i j_ + b c d e f g h i_ j_ + b_ c_ d e f g h i_ j_ + b c d_ e_ f g h i_ j_ + b c d_ e f_ g h i_ j_ + b c_ d e f g_ h i_ j_ + b_ c d e f_ g_ h i_ j_ + b c_ d e f_ g_ h i_ j_ + b c d_ e f_ g_ h i_ j_ + b_ c_ d e_ f_ g_ h i_ j_ + b c_ d_ e_ f_ g_ h i_ j_ + b_ c_ d_ e_ f_ g_ h i_ j_ + b_ c_ d_ e_ f g h_ i_ j_ + b_ c d_ e f_ g h_ i_ j_ + b c d e_ f_ g h_ i_ j_ + b_ c_ d e_ f_ g h_ i_ j_ + b_ c_ d_ e_ f_ g h_ i_ j_ + b_ c d_ e f g_ h_ i_ j_ + b c d e f_ g_ h_ i_ j_ 
Return: 90
------------
Added gate: st_36
Input list: 4 6 8 10 12 14 16 18 
c_ d_ e_ f g h i j + c_ d e f_ g h i j + c d_ e_ f_ g h i j + c d_ e_ f g_ h i j + c d e f_ g_ h i j + c_ d e f g h_ i j + c d e f_ g h_ i j + c_ d e f_ g h_ i j + c_ d_ e f_ g_ h_ i j + c_ d e f_ g h i_ j + c_ d_ e_ f g_ h i_ j + c_ d e f_ g_ h i_ j + c d e_ f_ g_ h i_ j + c d e f g h_ i_ j + c_ d e f g h_ i_ j + c_ d_ e_ f g h_ i_ j + c_ d_ e f_ g h_ i_ j + c_ d_ e_ f g_ h_ i_ j + c_ d_ e f_ g_ h_ i_ j + c_ d e_ f_ g_ h_ i_ j + c d_ e_ f g h i j_ + c_ d e f_ g h i j_ + c d_ e_ f_ g h i j_ + c_ d_ e f g h_ i j_ + c_ d_ e_ f g h_ i j_ + c d e f_ g h_ i j_ + c_ d_ e f_ g h_ i j_ + c d_ e f g_ h_ i j_ + c_ d e_ f g_ h_ i j_ + c d e f g h i_ j_ + c d_ e_ f g h i_ j_ + c d_ e f_ g h i_ j_ + c_ d e f g_ h i_ j_ + c_ d e f_ g_ h i_ j_ + c d_ e f_ g_ h i_ j_ + c_ d_ e_ f_ g_ h i_ j_ + c d e_ f_ g h_ i_ j_ + c d e f_ g_ h_ i_ j_ 
Return: 92
------------
Added gate: st_37
Input list: 6 8 10 12 14 16 18 
d_ e_ f g h i j + d e f_ g h i j + d e f g h_ i j + d e f_ g h_ i j + d_ e f_ g_ h_ i j + d e f_ g h i_ j + d_ e_ f g_ h i_ j + d e f_ g_ h i_ j + d e f g h_ i_ j + d_ e_ f g h_ i_ j + d_ e f_ g h_ i_ j + d_ e_ f g_ h_ i_ j + d_ e f_ g_ h_ i_ j + d e_ f_ g_ h_ i_ j + d e f_ g h i j_ + d_ e f g h_ i j_ + d_ e_ f g h_ i j_ + d_ e f_ g h_ i j_ + d e_ f g_ h_ i j_ + d e f g_ h i_ j_ + d e f_ g_ h i_ j_ + d_ e_ f_ g_ h i_ j_ 
Return: 94
------------
Added gate: st_38
Input list: 8 10 12 14 16 18 
e_ f g h i j + e f_ g_ h_ i j + e_ f g_ h i_ j + e_ f g h_ i_ j + e f_ g h_ i_ j + e_ f g_ h_ i_ j + e f_ g_ h_ i_ j + e f g h_ i j_ + e_ f g h_ i j_ + e f_ g h_ i j_ + e_ f_ g_ h i_ j_ 
Return: 96
------------
Added gate: st_39
Input list: 10 12 14 16 18 
f g h i j + f g_ h i_ j + f g h_ i_ j + f g_ h_ i_ j + f g h_ i j_ + f_ g_ h i_ j_ 
Return: 98
------------
Added gate: st_40
Input list: 12 14 16 18 
g h i j + g_ h i_ j + g h_ i_ j + g_ h_ i_ j + g h_ i j_ 
Return: 100
------------
Added gate: st_41
Input list: 14 16 18 
h i j + h_ i_ j + h_ i j_ 
Return: 102
------------
Added gate: st_42
Input list: 14 18 
h j + h_ j_ 
Return: 104
------------
Added gate: st_43
Input list: 2 4 6 8 10 12 14 16 18 
b_ c d e f g h i j + b_ c_ d e f g h i j + b c d e_ f g h i j + b_ c_ d_ e f_ g h i j + b c_ d e_ f g_ h i j + b c d e f_ g_ h i j + b c d_ e f_ g_ h i j + b c_ d_ e_ f_ g_ h i j + b_ c d e_ f g h_ i j + b c_ d e_ f g h_ i j + b c_ d_ e_ f g h_ i j + b_ c d e f_ g h_ i j + b_ c d_ e f_ g h_ i j + b c d e f g_ h_ i j + b c d_ e f g_ h_ i j + b c_ d_ e f g_ h_ i j + b_ c d e_ f g_ h_ i j + b c_ d_ e_ f g_ h_ i j + b c d e f_ g_ h_ i j + b_ c_ d_ e f_ g_ h_ i j + b_ c_ d_ e_ f_ g_ h_ i j + b c d e_ f g h i_ j + b c_ d e_ f g h i_ j + b c_ d_ e_ f g h i_ j + b_ c d_ e f_ g h i_ j + b_ c d_ e f g_ h i_ j + b c_ d_ e_ f g_ h i_ j + b_ c_ d_ e f_ g_ h i_ j + b c d_ e_ f_ g_ h i_ j + b c d e f g h_ i_ j + b_ c_ d e f g h_ i_ j + b_ c d_ e f g h_ i_ j + b c d_ e_ f g h_ i_ j + b c_ d_ e_ f_ g h_ i_ j + b c_ d_ e f g_ h_ i_ j + b_ c d e_ f g_ h_ i_ j + b_ c_ d_ e_ f g_ h_ i_ j + b c d e f_ g_ h_ i_ j + b c_ d_ e f_ g_ h_ i_ j + b c d e f g h i j_ + b c d_ e f g h i j_ + b c_ d e f_ g h i j_ + b_ c_ d e f_ g h i j_ + b_ c_ d_ e f g_ h i j_ + b_ c d e_ f g_ h i j_ + b c_ d_ e_ f g_ h i j_ + b c d e f_ g_ h i j_ + b_ c d e_ f_ g_ h i j_ + b_ c_ d e f g h_ i j_ + b c d_ e f g h_ i j_ + b c d e f_ g h_ i j_ + b c_ d e f_ g h_ i j_ + b c d_ e f_ g h_ i j_ + b_ c_ d_ e f_ g h_ i j_ + b c d e_ f_ g h_ i j_ + b c d_ e_ f_ g h_ i j_ + b_ c d e f g_ h_ i j_ + b_ c_ d_ e f g_ h_ i j_ + b_ c d_ e f_ g_ h_ i j_ + b_ c d_ e_ f_ g_ h_ i j_ + b_ c_ d_ e_ f_ g_ h_ i j_ + b_ c d_ e f g h i_ j_ + b c_ d e_ f g h i_ j_ + b c d_ e f_ g_ h i_ j_ + b c_ d_ e f_ g_ h i_ j_ + b_ c_ d_ e f_ g_ h i_ j_ + b c d e_ f_ g_ h i_ j_ + b_ c d e_ f_ g_ h i_ j_ + b_ c d_ e_ f_ g_ h i_ j_ + b c_ d e f g h_ i_ j_ + b_ c d_ e_ f g h_ i_ j_ + b_ c_ d_ e f_ g h_ i_ j_ + b c_ d e_ f_ g h_ i_ j_ + b_ c d_ e_ f_ g h_ i_ j_ + b c d_ e f g_ h_ i_ j_ + b c d e_ f g_ h_ i_ j_ + b_ c_ d e_ f g_ h_ i_ j_ + b c_ d e f_ g_ h_ i_ j_ + b_ c d_ e f_ g_ h_ i_ j_ 
Return: 106
------------
Added gate: st_44
Input list: 4 6 8 10 12 14 16 18 
c d e_ f g h i j + c_ d e_ f g_ h i j + c d e f_ g_ h i j + c d_ e f_ g_ h i j + c_ d_ e_ f_ g_ h i j + c_ d e_ f g h_ i j + c_ d_ e_ f g h_ i j + c d e f g_ h_ i j + c d_ e f g_ h_ i j + c_ d_ e f g_ h_ i j + c_ d_ e_ f g_ h_ i j + c d e f_ g_ h_ i j + c d e_ f g h i_ j + c_ d e_ f g h i_ j + c_ d_ e_ f g h i_ j + c_ d_ e_ f g_ h i_ j + c d_ e_ f_ g_ h i_ j + c d e f g h_ i_ j + c d_ e_ f g h_ i_ j + c_ d_ e_ f_ g h_ i_ j + c_ d_ e f g_ h_ i_ j + c d e f_ g_ h_ i_ j + c_ d_ e f_ g_ h_ i_ j + c d e f g h i j_ + c d_ e f g h i j_ + c_ d e f_ g h i j_ + c_ d_ e_ f g_ h i j_ + c d e f_ g_ h i j_ + c d_ e f g h_ i j_ + c d e f_ g h_ i j_ + c_ d e f_ g h_ i j_ + c d_ e f_ g h_ i j_ + c d e_ f_ g h_ i j_ + c d_ e_ f_ g h_ i j_ + c_ d e_ f g h i_ j_ + c d_ e f_ g_ h i_ j_ + c_ d_ e f_ g_ h i_ j_ + c d e_ f_ g_ h i_ j_ + c_ d e f g h_ i_ j_ + c_ d e_ f_ g h_ i_ j_ + c d_ e f g_ h_ i_ j_ + c d e_ f g_ h_ i_ j_ + c_ d e f_ g_ h_ i_ j_ 
Return: 108
------------
Added gate: st_45
Input list: 6 8 10 12 14 16 18 
d e_ f g h i j + d e f_ g_ h i j + d_ e f_ g_ h i j + d e f g_ h_ i j + d_ e f g_ h_ i j + d e f_ g_ h_ i j + d e_ f g h i_ j + d_ e_ f_ g_ h i_ j + d e f g h_ i_ j + d_ e_ f g h_ i_ j + d e f_ g_ h_ i_ j + d e f g h i j_ + d_ e f g h i j_ + d e f_ g_ h i j_ + d_ e f g h_ i j_ + d e f_ g h_ i j_ + d_ e f_ g h_ i j_ + d e_ f_ g h_ i j_ + d_ e_ f_ g h_ i j_ + d_ e f_ g_ h i_ j_ + d e_ f_ g_ h i_ j_ + d_ e f g_ h_ i_ j_ + d e_ f g_ h_ i_ j_ 
Return: 110
------------
Added gate: st_46
Input list: 8 10 12 14 16 18 
e_ f g h i j + e f_ g_ h i j + e f g_ h_ i j + e f_ g_ h_ i j + e_ f g h i_ j + e f g h_ i_ j + e f_ g_ h_ i_ j + e f g h i j_ + e f_ g_ h i j_ + e f_ g h_ i j_ + e_ f_ g h_ i j_ + e_ f_ g_ h i_ j_ + e_ f g_ h_ i_ j_ 
Return: 112
------------
Added gate: st_47
Input list: 8 10 12 14 16 
e_ f g h i + e f_ g_ h i + e f g_ h_ i + e f_ g_ h_ i + e_ f g h i_ + e f g h_ i_ + e f_ g_ h_ i_ 
Return: 114
------------
Added gate: st_48
Input list: 10 12 14 16 
f_ g_ h i + f g_ h_ i + f_ g_ h_ i + f g h_ i_ + f_ g_ h_ i_ 
Return: 116
------------
Added gate: st_49
Input list: 10 14 16 
f_ h i + f h_ i + f_ h_ i + f_ h_ i_ 
Return: 118
------------
Added gate: st_50
Input list: 14 16 
h i + h_ i + h_ i_ 
Return: 120
------------
Added gate: st_51
Input list: 14 
h + h_ 
Return: 122
------------
Added gate: st_52
Input list: 2 4 6 8 10 12 14 16 18 
b_ c d e f g h i j + b_ c_ d e f g h i j + b c_ d_ e f g h i j + b c d e_ f g h i j + b_ c_ d e f_ g h i j + b_ c d_ e f_ g h i j + b c d e f g_ h i j + b c_ d_ e f g_ h i j + b c d e_ f g_ h i j + b c d e_ f_ g_ h i j + b_ c d e_ f_ g_ h i j + b c d_ e_ f g h_ i j + b c d e f_ g h_ i j + b c d_ e_ f_ g h_ i j + b_ c d_ e_ f_ g h_ i j + b_ c_ d e f g_ h_ i j + b c d_ e f g_ h_ i j + b c d e_ f g_ h_ i j + b_ c d_ e_ f g_ h_ i j + b_ c d_ e_ f_ g_ h_ i j + b c_ d_ e_ f_ g_ h_ i j + b c d e f g h i_ j + b_ c d e f g h i_ j + b_ c d_ e f g h i_ j + b c d e_ f g h i_ j + b_ c_ d_ e_ f g h i_ j + b c d e f_ g h i_ j + b_ c d e f g_ h i_ j + b_ c_ d_ e f g_ h i_ j + b_ c d_ e f_ g_ h i_ j + b c_ d_ e f g h_ i_ j + b_ c d e_ f g h_ i_ j + b_ c d_ e_ f g h_ i_ j + b c d e f_ g h_ i_ j + b_ c_ d e f_ g h_ i_ j + b_ c d e_ f_ g h_ i_ j + b c_ d e_ f_ g h_ i_ j + b_ c_ d_ e_ f_ g h_ i_ j + b_ c_ d_ e_ f g_ h_ i_ j + b c d e_ f_ g_ h_ i_ j + b_ c d e f g h i j_ + b c_ d e f g h i j_ + b_ c d_ e f g h i j_ + b c d_ e f_ g h i j_ + b_ c d e_ f g_ h i j_ + b_ c_ d_ e_ f g_ h i j_ + b c_ d e f_ g_ h i j_ + b c d e_ f_ g_ h i j_ + b_ c_ d e_ f_ g_ h i j_ + b c_ d_ e f g h_ i j_ + b c d e_ f g h_ i j_ + b c d_ e_ f g h_ i j_ + b_ c d e f_ g h_ i j_ + b_ c d_ e_ f_ g h_ i j_ + b c_ d_ e_ f_ g h_ i j_ + b_ c_ d_ e_ f_ g h_ i j_ + b_ c d_ e f g_ h_ i j_ + b c d e_ f_ g_ h_ i j_ + b c_ d e_ f g h i_ j_ + b c_ d e f_ g h i_ j_ + b c_ d_ e f_ g h i_ j_ + b c d_ e_ f_ g h i_ j_ + b c_ d e f g_ h i_ j_ + b c_ d_ e_ f g_ h i_ j_ + b c d e f_ g_ h i_ j_ + b_ c d e f g h_ i_ j_ + b c_ d_ e f g h_ i_ j_ + b c_ d_ e_ f g h_ i_ j_ + b_ c_ d e f_ g h_ i_ j_ + b_ c d_ e f_ g h_ i_ j_ + b_ c d e_ f_ g h_ i_ j_ + b c d_ e_ f_ g h_ i_ j_ + b c d e f g_ h_ i_ j_ + b c d e_ f g_ h_ i_ j_ + b c d_ e f_ g_ h_ i_ j_ + b_ c d_ e f_ g_ h_ i_ j_ 
Return: 124
------------
Added gate: st_53
Input list: 4 6 8 10 12 14 16 18 
c_ d_ e f g h i j + c d e_ f g h i j + c d e f g_ h i j + c_ d_ e f g_ h i j + c d e_ f g_ h i j + c d e_ f_ g_ h i j + c d_ e_ f g h_ i j + c d e f_ g h_ i j + c d_ e_ f_ g h_ i j + c d_ e f g_ h_ i j + c d e_ f g_ h_ i j + c_ d_ e_ f_ g_ h_ i j + c d e f g h i_ j + c d e_ f g h i_ j + c d e f_ g h i_ j + c_ d_ e f g h_ i_ j + c d e f_ g h_ i_ j + c_ d e_ f_ g h_ i_ j + c d e_ f_ g_ h_ i_ j + c_ d e f g h i j_ + c d_ e f_ g h i j_ + c_ d e f_ g_ h i j_ + c d e_ f_ g_ h i j_ + c_ d_ e f g h_ i j_ + c d e_ f g h_ i j_ + c d_ e_ f g h_ i j_ + c_ d_ e_ f_ g h_ i j_ + c d e_ f_ g_ h_ i j_ + c_ d e_ f g h i_ j_ + c_ d e f_ g h i_ j_ + c_ d_ e f_ g h i_ j_ + c d_ e_ f_ g h i_ j_ + c_ d e f g_ h i_ j_ + c_ d_ e_ f g_ h i_ j_ + c d e f_ g_ h i_ j_ + c_ d_ e f g h_ i_ j_ + c_ d_ e_ f g h_ i_ j_ + c d_ e_ f_ g h_ i_ j_ + c d e f g_ h_ i_ j_ + c d e_ f g_ h_ i_ j_ + c d_ e f_ g_ h_ i_ j_ 
Return: 126
------------
Added gate: st_54
Input list: 6 8 10 12 14 16 18 
d e_ f g h i j + d e f g_ h i j + d e_ f g_ h i j + d e_ f_ g_ h i j + d_ e_ f g h_ i j + d e f_ g h_ i j + d_ e_ f_ g h_ i j + d_ e f g_ h_ i j + d e_ f g_ h_ i j + d e f g h i_ j + d e_ f g h i_ j + d e f_ g h i_ j + d e f_ g h_ i_ j + d e_ f_ g_ h_ i_ j + d_ e f_ g h i j_ + d e_ f_ g_ h i j_ + d e_ f g h_ i j_ + d_ e_ f g h_ i j_ + d e_ f_ g_ h_ i j_ + d_ e_ f_ g h i_ j_ + d e f_ g_ h i_ j_ + d_ e_ f_ g h_ i_ j_ + d e f g_ h_ i_ j_ + d e_ f g_ h_ i_ j_ + d_ e f_ g_ h_ i_ j_ 
Return: 128
------------
Added gate: st_55
Input list: 8 10 12 14 16 18 
e_ f g h i j + e f g_ h i j + e_ f g_ h i j + e_ f_ g_ h i j + e f_ g h_ i j + e_ f g_ h_ i j + e f g h i_ j + e_ f g h i_ j + e f_ g h i_ j + e f_ g h_ i_ j + e_ f_ g_ h_ i_ j + e_ f_ g_ h i j_ + e_ f g h_ i j_ + e_ f_ g_ h_ i j_ + e f_ g_ h i_ j_ + e f g_ h_ i_ j_ + e_ f g_ h_ i_ j_ 
Return: 130
------------
Added gate: st_56
Input list: 10 12 14 16 18 
f g h i j + f g_ h i j + f_ g_ h i j + f g_ h_ i j + f g h i_ j + f_ g_ h_ i_ j + f_ g_ h i j_ + f g h_ i j_ + f_ g_ h_ i j_ + f g_ h_ i_ j_ 
Return: 132
------------
Added gate: st_57
Input list: 12 14 16 18 
g h i j + g_ h i j + g_ h_ i j + g h i_ j + g h_ i j_ + g_ h_ i_ j_ 
Return: 134
------------
Added gate: st_58
Input list: 12 14 16 
g h i + g_ h i + g_ h_ i + g h i_ 
Return: 136
------------
Added gate: st_59
Input list: 12 16 
g i + g_ i + g i_ 
Return: 138
------------
Added gate: st_60
Input list: 16 
i + i_ 
Return: 140
------------
Added gate: st_61
Input list: 2 4 6 8 10 12 14 16 18 
b_ c d e f g h i j + b c d e_ f g h i j + b c d e_ f_ g h i j + b_ c d e f g_ h i j + b c d_ e f_ g_ h i j + b_ c d_ e_ f_ g_ h i j + b_ c d e f g h_ i j + b c_ d e f g h_ i j + b_ c_ d_ e_ f g h_ i j + b c_ d e f_ g h_ i j + b c d e f g_ h_ i j + b_ c_ d e f g_ h_ i j + b_ c_ d_ e f g_ h_ i j + b_ c d e_ f g_ h_ i j + b c d_ e_ f g_ h_ i j + b_ c_ d_ e f_ g_ h_ i j + b c d_ e f g h i_ j + b c_ d_ e f g h i_ j + b c_ d e_ f_ g h i_ j + b c d_ e_ f_ g h i_ j + b_ c_ d_ e_ f_ g h i_ j + b_ c d e f g_ h i_ j + b_ c_ d e f g_ h i_ j + b c d_ e f g_ h i_ j + b_ c_ d e f_ g_ h i_ j + b c d_ e f_ g_ h i_ j + b_ c d e f g h_ i_ j + b c_ d e f g h_ i_ j + b_ c_ d_ e f g h_ i_ j + b c d e f_ g h_ i_ j + b c_ d_ e f_ g h_ i_ j + b_ c d_ e_ f_ g h_ i_ j + b_ c d e f g_ h_ i_ j + b c d e_ f g_ h_ i_ j + b c_ d e_ f g_ h_ i_ j + b c_ d e f_ g_ h_ i_ j + b c_ d e f g h i j_ + b_ c d_ e_ f g h i j_ + b_ c_ d_ e_ f g h i j_ + b c_ d_ e f_ g h i j_ + b c_ d e_ f_ g h i j_ + b c d_ e f g_ h i j_ + b_ c d_ e f g_ h i j_ + b c_ d_ e f g_ h i j_ + b_ c_ d_ e_ f g_ h i j_ + b c d_ e f_ g_ h i j_ + b c_ d_ e f_ g_ h i j_ + b_ c d_ e_ f_ g_ h i j_ + b c d e f g h_ i j_ + b_ c d e f g h_ i j_ + b c d_ e f g h_ i j_ + b_ c d e_ f g h_ i j_ + b c_ d e_ f g h_ i j_ + b c d e f_ g h_ i j_ + b_ c d_ e f_ g h_ i j_ + b c d_ e_ f_ g h_ i j_ + b c_ d_ e_ f_ g h_ i j_ + b c d e_ f g_ h_ i j_ + b_ c d_ e_ f g_ h_ i j_ + b c d e f g h i_ j_ + b c_ d e f g h i_ j_ + b_ c_ d_ e f g h i_ j_ + b c d e_ f g h i_ j_ + b_ c d e_ f g h i_ j_ + b_ c d_ e_ f g h i_ j_ + b c_ d e f g_ h i_ j_ + b_ c_ d e f g_ h i_ j_ + b c d e f_ g_ h i_ j_ + b c d_ e f_ g_ h i_ j_ + b_ c d_ e f_ g_ h i_ j_ + b_ c_ d e_ f_ g_ h i_ j_ + b_ c_ d_ e_ f_ g_ h i_ j_ + b_ c_ d_ e f g h_ i_ j_ + b_ c d_ e_ f g h_ i_ j_ + b_ c_ d e f_ g h_ i_ j_ + b c_ d e_ f_ g h_ i_ j_ + b c d_ e_ f_ g h_ i_ j_ + b c_ d_ e_ f_ g h_ i_ j_ + b_ c_ d_ e_ f_ g h_ i_ j_ + b_ c_ d e_ f g_ h_ i_ j_ 
Return: 142
------------
Added gate: st_62
Input list: 4 6 8 10 12 14 16 18 
c d e_ f g h i j + c d e_ f_ g h i j + c d_ e f_ g_ h i j + c_ d e f g h_ i j + c_ d e f_ g h_ i j + c d e f g_ h_ i j + c d_ e_ f g_ h_ i j + c d_ e f g h i_ j + c_ d_ e f g h i_ j + c_ d e_ f_ g h i_ j + c d_ e_ f_ g h i_ j + c d_ e f g_ h i_ j + c d_ e f_ g_ h i_ j + c_ d e f g h_ i_ j + c d e f_ g h_ i_ j + c_ d_ e f_ g h_ i_ j + c d e_ f g_ h_ i_ j + c_ d e_ f g_ h_ i_ j + c_ d e f_ g_ h_ i_ j + c_ d e f g h i j_ + c_ d_ e f_ g h i j_ + c_ d e_ f_ g h i j_ + c d_ e f g_ h i j_ + c_ d_ e f g_ h i j_ + c d_ e f_ g_ h i j_ + c_ d_ e f_ g_ h i j_ + c d e f g h_ i j_ + c d_ e f g h_ i j_ + c_ d e_ f g h_ i j_ + c d e f_ g h_ i j_ + c d_ e_ f_ g h_ i j_ + c_ d_ e_ f_ g h_ i j_ + c d e_ f g_ h_ i j_ + c d e f g h i_ j_ + c_ d e f g h i_ j_ + c d e_ f g h i_ j_ + c_ d e f g_ h i_ j_ + c d e f_ g_ h i_ j_ + c d_ e f_ g_ h i_ j_ + c_ d e_ f_ g h_ i_ j_ + c d_ e_ f_ g h_ i_ j_ + c_ d_ e_ f_ g h_ i_ j_ 
Return: 144
------------
Added gate: st_63
Input list: 6 8 10 12 14 16 18 
d e_ f g h i j + d e_ f_ g h i j + d_ e f_ g_ h i j + d e f g_ h_ i j + d_ e_ f g_ h_ i j + d_ e f g h i_ j + d_ e_ f_ g h i_ j + d_ e f g_ h i_ j + d_ e f_ g_ h i_ j + d e f_ g h_ i_ j + d e_ f g_ h_ i_ j + d_ e f g_ h i j_ + d_ e f_ g_ h i j_ + d e f g h_ i j_ + d_ e f g h_ i j_ + d e f_ g h_ i j_ + d_ e_ f_ g h_ i j_ + d e_ f g_ h_ i j_ + d e f g h i_ j_ + d e_ f g h i_ j_ + d e f_ g_ h i_ j_ + d_ e f_ g_ h i_ j_ + d_ e_ f_ g h_ i_ j_ 
Return: 146
------------
Added gate: st_64
Input list: 8 10 12 14 16 18 
e f_ g_ h i j + e_ f g_ h_ i j + e f g h i_ j + e_ f_ g h i_ j + e f g_ h i_ j + e f_ g_ h i_ j + e f g_ h i j_ + e f_ g_ h i j_ + e f g h_ i j_ + e_ f_ g h_ i j_ + e f_ g_ h i_ j_ + e_ f_ g h_ i_ j_ 
Return: 148
------------
Added gate: st_65
Input list: 10 12 14 16 18 
f_ g_ h i j + f g h i_ j + f g_ h i_ j + f_ g_ h i_ j + f g_ h i j_ + f_ g_ h i j_ + f g h_ i j_ + f_ g_ h i_ j_ 
Return: 150
------------
Added gate: st_66
Input list: 10 12 16 18 
f_ g_ i j + f g i_ j + f g_ i_ j + f_ g_ i_ j + f g_ i j_ + f_ g_ i j_ + f_ g_ i_ j_ 
Return: 152
------------
Added gate: st_67
Input list: 10 16 18 
f_ i j + f i_ j + f_ i_ j + f i j_ + f_ i j_ + f_ i_ j_ 
Return: 154
------------
Added gate: st_68
Input list: 16 18 
i j + i_ j + i j_ + i_ j_ 
Return: 156
------------
Added gate: st_69
Input list: 18 
j + j_ 
Return: 158
------------
Added gate: st_70
Input list: 2 4 6 8 10 12 14 16 18 
b c d_ e_ f g h i j + b_ c_ d_ e_ f g h i j + b_ c_ d_ e_ f_ g h i j + b c d e f g_ h i j + b_ c d_ e_ f g_ h i j + b c_ d_ e_ f g_ h i j + b c_ d e_ f_ g_ h i j + b c d_ e_ f_ g_ h i j + b c_ d_ e_ f_ g_ h i j + b c d_ e_ f g h_ i j + b_ c d_ e_ f g h_ i j + b c_ d_ e f_ g h_ i j + b_ c_ d_ e f_ g h_ i j + b c d e_ f_ g h_ i j + b c d_ e_ f_ g h_ i j + b_ c_ d_ e_ f_ g h_ i j + b c_ d_ e_ f g_ h_ i j + b_ c_ d_ e_ f g_ h_ i j + b c_ d e f_ g_ h_ i j + b_ c_ d_ e f_ g_ h_ i j + b c d e f g h i_ j + b c_ d e_ f g h i_ j + b_ c_ d e_ f g h i_ j + b_ c_ d_ e_ f g h i_ j + b_ c d e f_ g h i_ j + b_ c_ d e f_ g h i_ j + b c d e_ f_ g h i_ j + b c_ d e_ f_ g h i_ j + b c d e f g_ h i_ j + b_ c d e_ f g_ h i_ j + b c d_ e_ f g_ h i_ j + b_ c_ d e_ f g h_ i_ j + b_ c d_ e_ f g h_ i_ j + b_ c_ d_ e_ f g h_ i_ j + b_ c d_ e f_ g h_ i_ j + b c d e_ f_ g h_ i_ j + b c_ d_ e_ f_ g h_ i_ j + b_ c d e f g_ h_ i_ j + b_ c d_ e f_ g_ h_ i_ j + b c d e_ f_ g_ h_ i_ j + b_ c d_ e_ f_ g_ h_ i_ j + b c d_ e_ f g h i j_ + b c_ d e_ f_ g h i j_ + b c_ d_ e_ f_ g h i j_ + b_ c_ d_ e_ f g_ h i j_ + b c d e_ f_ g_ h i j_ + b c d e f g h_ i j_ + b_ c_ d e f g h_ i j_ + b_ c_ d_ e_ f g h_ i j_ + b_ c d e f_ g h_ i j_ + b_ c d_ e f g_ h_ i j_ + b c_ d_ e f g_ h_ i j_ + b_ c_ d e_ f g_ h_ i j_ + b c_ d e f_ g_ h_ i j_ + b c_ d_ e_ f_ g_ h_ i j_ + b_ c_ d_ e_ f_ g_ h_ i j_ + b c d e_ f g h i_ j_ + b_ c_ d e_ f g h i_ j_ + b c d_ e f_ g h i_ j_ + b c d_ e f g_ h i_ j_ + b_ c_ d_ e f g_ h i_ j_ + b c d e_ f g_ h i_ j_ + b_ c d e_ f g_ h i_ j_ + b c_ d e_ f g_ h i_ j_ + b c d_ e_ f g_ h i_ j_ + b c_ d e_ f_ g_ h i_ j_ + b_ c_ d e_ f_ g_ h i_ j_ + b_ c d_ e f g h_ i_ j_ + b_ c d e_ f g h_ i_ j_ + b c_ d e_ f g h_ i_ j_ + b c_ d_ e f_ g h_ i_ j_ + b_ c_ d_ e f_ g h_ i_ j_ + b_ c_ d_ e_ f_ g h_ i_ j_ + b_ c d e f g_ h_ i_ j_ + b c d_ e f g_ h_ i_ j_ + b_ c d e_ f g_ h_ i_ j_ + b_ c d_ e f_ g_ h_ i_ j_ + b_ c d_ e_ f_ g_ h_ i_ j_ + b c_ d_ e_ f_ g_ h_ i_ j_ 
Return: 160
------------
Added gate: st_71
Input list: 4 6 8 10 12 14 16 18 
c d_ e_ f g h i j + c d e f g_ h i j + c_ d_ e_ f g_ h i j + c_ d e_ f_ g_ h i j + c d_ e_ f_ g_ h i j + c_ d_ e_ f_ g_ h i j + c d_ e_ f g h_ i j + c_ d_ e f_ g h_ i j + c d e_ f_ g h_ i j + c d_ e_ f_ g h_ i j + c_ d_ e_ f g_ h_ i j + c_ d e f_ g_ h_ i j + c d e f g h i_ j + c_ d e_ f g h i_ j + c d e_ f_ g h i_ j + c_ d e_ f_ g h i_ j + c d e f g_ h i_ j + c d_ e_ f g_ h i_ j + c d e_ f_ g h_ i_ j + c_ d_ e_ f_ g h_ i_ j + c d e_ f_ g_ h_ i_ j + c d_ e_ f g h i j_ + c_ d e_ f_ g h i j_ + c_ d_ e_ f_ g h i j_ + c d e_ f_ g_ h i j_ + c d e f g h_ i j_ + c_ d_ e f g_ h_ i j_ + c_ d e f_ g_ h_ i j_ + c_ d_ e_ f_ g_ h_ i j_ + c d e_ f g h i_ j_ + c d_ e f_ g h i_ j_ + c d_ e f g_ h i_ j_ + c d e_ f g_ h i_ j_ + c_ d e_ f g_ h i_ j_ + c d_ e_ f g_ h i_ j_ + c_ d e_ f_ g_ h i_ j_ + c_ d e_ f g h_ i_ j_ + c_ d_ e f_ g h_ i_ j_ + c d_ e f g_ h_ i_ j_ + c_ d_ e_ f_ g_ h_ i_ j_ 
Return: 162
------------
Added gate: st_72
Input list: 6 8 10 12 14 16 18 
d_ e_ f g h i j + d e f g_ h i j + d_ e_ f_ g_ h i j + d_ e_ f g h_ i j + d e_ f_ g h_ i j + d_ e_ f_ g h_ i j + d e f g h i_ j + d e_ f_ g h i_ j + d e f g_ h i_ j + d_ e_ f g_ h i_ j + d e_ f_ g h_ i_ j + d e_ f_ g_ h_ i_ j + d_ e_ f g h i j_ + d e_ f_ g_ h i j_ + d e f g h_ i j_ + d e_ f g h i_ j_ + d_ e f_ g h i_ j_ + d_ e f g_ h i_ j_ + d e_ f g_ h i_ j_ + d_ e_ f g_ h i_ j_ + d_ e f g_ h_ i_ j_ 
Return: 164
------------
Added gate: st_73
Input list: 8 10 12 14 16 18 
e f g_ h i j + e_ f_ g h_ i j + e f g h i_ j + e_ f_ g h i_ j + e f g_ h i_ j + e_ f_ g h_ i_ j + e_ f_ g_ h_ i_ j + e_ f_ g_ h i j_ + e f g h_ i j_ + e_ f g h i_ j_ + e_ f g_ h i_ j_ 
Return: 166
------------
Added gate: st_74
Input list: 8 10 12 14 16 
e f g_ h i + e_ f_ g h_ i + e f g h i_ + e_ f_ g h i_ + e f g_ h i_ + e_ f_ g h_ i_ + e_ f_ g_ h_ i_ 
Return: 168
------------
Added gate: st_75
Input list: 8 10 12 16 
e f g_ i + e f g i_ + e_ f_ g i_ + e f g_ i_ 
Return: 170
------------
Added gate: st_76
Input list: 8 10 
e f 
Return: 172
------------
Added gate: st_77
Input list: 12 16 
g_ i + g i_ + g_ i_ 
Return: 174
------------
Added gate: st_78
Input list: 16 
i + i_ 
Return: 176
------------
Added gate: st_79
Input list: 2 4 6 8 10 12 14 16 18 
b_ c d e_ f g h i j + b_ c d_ e_ f g h i j + b_ c d e_ f_ g h i j + b_ c d_ e_ f_ g h i j + b_ c_ d_ e_ f_ g h i j + b c d e f g_ h i j + b_ c_ d_ e f g_ h i j + b_ c d e_ f g_ h i j + b_ c d e f_ g_ h i j + b_ c d_ e f_ g_ h i j + b c_ d_ e f_ g_ h i j + b_ c d e_ f_ g_ h i j + b c_ d e f g h_ i j + b_ c d e_ f g h_ i j + b_ c_ d e_ f_ g h_ i j + b_ c d_ e_ f_ g h_ i j + b c_ d_ e_ f_ g h_ i j + b c d_ e f g_ h_ i j + b_ c_ d_ e f g_ h_ i j + b_ c_ d e f_ g_ h_ i j + b_ c d_ e f_ g_ h_ i j + b_ c_ d_ e f_ g_ h_ i j + b c_ d e_ f_ g_ h_ i j + b c_ d e f g h i_ j + b_ c d_ e f g h i_ j + b c d_ e_ f g h i_ j + b c d_ e f_ g h i_ j + b c_ d_ e f_ g h i_ j + b c d e_ f_ g h i_ j + b_ c_ d e f g_ h i_ j + b c d e_ f g_ h i_ j + b c_ d e f_ g_ h i_ j + b c d_ e f_ g_ h i_ j + b_ c d_ e f_ g_ h i_ j + b c_ d e_ f_ g_ h i_ j + b c_ d e f g h_ i_ j + b_ c_ d_ e f g h_ i_ j + b c d_ e f_ g h_ i_ j + b_ c d_ e f_ g h_ i_ j + b_ c_ d_ e f_ g h_ i_ j + b_ c d_ e f_ g_ h_ i_ j + b c_ d_ e f_ g_ h_ i_ j + b_ c_ d_ e f_ g_ h_ i_ j + b c_ d e_ f_ g_ h_ i_ j + b c d_ e_ f_ g_ h_ i_ j + b c_ d e f g h i j_ + b_ c_ d_ e f g h i j_ + b c d e_ f g h i j_ + b_ c d e f_ g h i j_ + b c d_ e f_ g h i j_ + b c_ d_ e f_ g h i j_ + b c d e_ f g_ h i j_ + b c_ d e_ f_ g_ h i j_ + b c_ d_ e_ f_ g_ h i j_ + b c d_ e f g h_ i j_ + b c_ d_ e f g h_ i j_ + b_ c d e f g_ h_ i j_ + b c_ d_ e f g_ h_ i j_ + b c d e_ f g_ h_ i j_ + b c_ d e_ f g_ h_ i j_ + b c d_ e_ f g_ h_ i j_ + b_ c d_ e_ f g_ h_ i j_ + b c d_ e f_ g_ h_ i j_ + b_ c d e f g h i_ j_ + b_ c d_ e f g h i_ j_ + b_ c_ d_ e f g h i_ j_ + b_ c d_ e_ f g h i_ j_ + b c_ d e f_ g h i_ j_ + b_ c_ d e f g_ h i_ j_ + b_ c d_ e f g_ h i_ j_ + b c d e_ f g h_ i_ j_ + b_ c_ d e_ f g h_ i_ j_ + b c d_ e_ f g h_ i_ j_ + b c d_ e f_ g h_ i_ j_ + b c d e_ f g_ h_ i_ j_ 
Return: 178
------------
Added gate: st_80
Input list: 4 6 8 10 12 14 16 18 
c d e f g_ h i j + c_ d_ e f_ g_ h i j + c_ d e f g h_ i j + c_ d_ e_ f_ g h_ i j + c d_ e f g_ h_ i j + c_ d e_ f_ g_ h_ i j + c_ d e f g h i_ j + c d_ e_ f g h i_ j + c d_ e f_ g h i_ j + c_ d_ e f_ g h i_ j + c d e_ f_ g h i_ j + c d e_ f g_ h i_ j + c_ d e f_ g_ h i_ j + c d_ e f_ g_ h i_ j + c_ d e_ f_ g_ h i_ j + c_ d e f g h_ i_ j + c d_ e f_ g h_ i_ j + c_ d_ e f_ g_ h_ i_ j + c_ d e_ f_ g_ h_ i_ j + c d_ e_ f_ g_ h_ i_ j + c_ d e f g h i j_ + c d e_ f g h i j_ + c d_ e f_ g h i j_ + c_ d_ e f_ g h i j_ + c d e_ f g_ h i j_ + c_ d e_ f_ g_ h i j_ + c_ d_ e_ f_ g_ h i j_ + c d_ e f g h_ i j_ + c_ d_ e f g h_ i j_ + c_ d_ e f g_ h_ i j_ + c d e_ f g_ h_ i j_ + c_ d e_ f g_ h_ i j_ + c d_ e_ f g_ h_ i j_ + c d_ e f_ g_ h_ i j_ + c_ d e f_ g h i_ j_ + c d e_ f g h_ i_ j_ + c d_ e_ f g h_ i_ j_ + c d_ e f_ g h_ i_ j_ + c d e_ f g_ h_ i_ j_ 
Return: 180
------------
Added gate: st_81
Input list: 6 8 10 12 14 16 18 
d e f g_ h i j + d_ e f g_ h_ i j + d_ e_ f g h i_ j + d_ e f_ g h i_ j + d e_ f_ g h i_ j + d e_ f g_ h i_ j + d_ e f_ g_ h i_ j + d_ e f_ g h_ i_ j + d_ e_ f_ g_ h_ i_ j + d e_ f g h i j_ + d_ e f_ g h i j_ + d e_ f g_ h i j_ + d_ e f g h_ i j_ + d e_ f g_ h_ i j_ + d_ e_ f g_ h_ i j_ + d_ e f_ g_ h_ i j_ + d e_ f g h_ i_ j_ + d_ e_ f g h_ i_ j_ + d_ e f_ g h_ i_ j_ + d e_ f g_ h_ i_ j_ 
Return: 182
------------
Added gate: st_82
Input list: 6 10 12 14 16 18 
d f g_ h i j + d_ f g_ h_ i j + d_ f_ g h i_ j + d_ f_ g_ h i_ j + d_ f_ g h_ i_ j + d_ f_ g h i j_ + d_ f g h_ i j_ + d_ f_ g_ h_ i j_ + d_ f_ g h_ i_ j_ 
Return: 184
------------
Added gate: st_83
Input list: 6 12 
d_ g 
Return: 186
------------
Added gate: st_84
Input list: 10 14 16 18 
f_ h i_ j + f_ h_ i_ j + f_ h i j_ + f h_ i j_ + f_ h_ i_ j_ 
Return: 188
------------
Added gate: st_85
Input list: 14 16 18 
h i_ j + h_ i_ j + h i j_ + h_ i_ j_ 
Return: 190
------------
Added gate: st_86
Input list: 14 18 
h j + h_ j + h_ j_ 
Return: 192
------------
Added gate: st_87
Input list: 14 
h + h_ 
Return: 194
------------
Optimized literal count: 1862
