Original literal count: 13350
Added gate: st_0
Input list: 60 138 72 128 140 148 40 170 36 46 58 
e0 r1 + e0_ k0 m1 s1 w1_ + u e0_ k0 s1_ h2 + s e0_ k0_ s1_ h2 + x e0_ k0_ s1_ h2 + k0_ r1 s1 w1 h2 + s_ e0_ k0_ s1_ h2_ + d0 e0_ k0_ s1_ h2_ + s u d0_ e0_ k0 s1_ + s d0_ k0_ r1 s1 w1 + s_ u x_ e0_ s1_ h2 + u e0_ k0_ s1 w1_ h2 + s_ e0_ k0 m1 s1_ h2_ + d0 e0_ k0 m1 s1_ h2_ + s_ e0_ m1 s1 w1_ h2_ + d0 e0_ m1 s1 w1_ h2_ + s u d0_ e0_ k0_ s1 w1_ 
Return: 176
------------
Added gate: st_1
Input list: 72 128 140 148 40 170 36 46 58 
k0 m1 s1 w1_ + u k0 s1_ h2 + s k0_ s1_ h2 + x k0_ s1_ h2 + s_ k0_ s1_ h2_ + d0 k0_ s1_ h2_ + s u d0_ k0 s1_ + s_ u x_ s1_ h2 + u k0_ s1 w1_ h2 + s_ k0 m1 s1_ h2_ + d0 k0 m1 s1_ h2_ + s_ m1 s1 w1_ h2_ + d0 m1 s1 w1_ h2_ + s u d0_ k0_ s1 w1_ 
Return: 178
------------
Added gate: st_2
Input list: 128 140 148 40 170 36 58 
m1 s1 w1_ + u s1_ h2 + s u d0_ s1_ + s_ m1 s1_ h2_ + d0 m1 s1_ h2_ 
Return: 180
------------
Added gate: st_3
Input list: 40 170 36 58 128 
u h2 + s u d0_ + s_ m1 h2_ + d0 m1 h2_ 
Return: 182
------------
Added gate: st_4
Input list: 170 36 58 
h2 + s d0_ 
Return: 184
------------
Added gate: st_5
Input list: 60 126 72 124 140 148 36 170 46 156 58 
e0 l1 + e0_ k0 k1 s1 w1_ + s e0_ k0_ s1_ h2 + x e0_ k0_ s1_ h2 + k0_ l1 s1 w1 h2 + e0_ k0 s1_ a2 h2 + s_ e0_ k0_ s1_ h2_ + d0 e0_ k0_ s1_ h2_ + s d0_ k0_ l1 s1 w1 + s d0_ e0_ k0 s1_ a2 + s_ x_ e0_ s1_ a2 h2 + e0_ k0_ s1 w1_ a2 h2 + s_ e0_ k0 k1 s1_ h2_ + d0 e0_ k0 k1 s1_ h2_ + s_ e0_ k1 s1 w1_ h2_ + d0 e0_ k1 s1 w1_ h2_ + s d0_ e0_ k0_ s1 w1_ a2 
Return: 186
------------
Added gate: st_6
Input list: 72 124 140 148 36 170 46 156 58 
k0 k1 s1 w1_ + s k0_ s1_ h2 + x k0_ s1_ h2 + k0 s1_ a2 h2 + s_ k0_ s1_ h2_ + d0 k0_ s1_ h2_ + s d0_ k0 s1_ a2 + s_ x_ s1_ a2 h2 + k0_ s1 w1_ a2 h2 + s_ k0 k1 s1_ h2_ + d0 k0 k1 s1_ h2_ + s_ k1 s1 w1_ h2_ + d0 k1 s1 w1_ h2_ + s d0_ k0_ s1 w1_ a2 
Return: 188
------------
Added gate: st_7
Input list: 124 140 148 156 170 36 58 
k1 s1 w1_ + s1_ a2 h2 + s d0_ s1_ a2 + s_ k1 s1_ h2_ + d0 k1 s1_ h2_ 
Return: 190
------------
Added gate: st_8
Input list: 156 170 36 58 124 
a2 h2 + s d0_ a2 + s_ k1 h2_ + d0 k1 h2_ 
Return: 192
------------
Added gate: st_9
Input list: 170 36 58 
h2 + s d0_ 
Return: 194
------------
Added gate: st_10
Input list: 60 90 72 122 140 148 66 170 36 46 58 
e0 t0 + e0_ k0 j1 s1 w1_ + e0_ h0 k0 s1_ h2 + s e0_ k0_ s1_ h2 + x e0_ k0_ s1_ h2 + k0_ t0 s1 w1 h2 + s_ e0_ k0_ s1_ h2_ + d0 e0_ k0_ s1_ h2_ + s d0_ e0_ h0 k0 s1_ + s d0_ k0_ t0 s1 w1 + s_ x_ e0_ h0 s1_ h2 + e0_ h0 k0_ s1 w1_ h2 + s_ e0_ k0 j1 s1_ h2_ + d0 e0_ k0 j1 s1_ h2_ + s_ e0_ j1 s1 w1_ h2_ + d0 e0_ j1 s1 w1_ h2_ + s d0_ e0_ h0 k0_ s1 w1_ 
Return: 196
------------
Added gate: st_11
Input list: 72 122 140 148 66 170 36 46 58 
k0 j1 s1 w1_ + h0 k0 s1_ h2 + s k0_ s1_ h2 + x k0_ s1_ h2 + s_ k0_ s1_ h2_ + d0 k0_ s1_ h2_ + s d0_ h0 k0 s1_ + s_ x_ h0 s1_ h2 + h0 k0_ s1 w1_ h2 + s_ k0 j1 s1_ h2_ + d0 k0 j1 s1_ h2_ + s_ j1 s1 w1_ h2_ + d0 j1 s1 w1_ h2_ + s d0_ h0 k0_ s1 w1_ 
Return: 198
------------
Added gate: st_12
Input list: 122 140 148 66 170 36 58 
j1 s1 w1_ + h0 s1_ h2 + s d0_ h0 s1_ + s_ j1 s1_ h2_ + d0 j1 s1_ h2_ 
Return: 200
------------
Added gate: st_13
Input list: 66 170 36 58 122 
h0 h2 + s d0_ h0 + s_ j1 h2_ + d0 j1 h2_ 
Return: 202
------------
Added gate: st_14
Input list: 170 36 58 
h2 + s d0_ 
Return: 204
------------
Added gate: st_15
Input list: 50 60 140 58 158 36 72 2 46 170 
z e0 s1 + d0 s1_ b2 + e0 s1_ b2 + s d0_ e0_ k0_ + b e0_ k0 s1 + s d0_ e0_ s1_ + s_ x_ s1_ b2 + b s_ x_ e0_ s1 + s e0_ k0_ s1 h2 + x e0_ k0_ s1 h2 + x d0_ e0_ s1_ h2 + b s_ e0_ s1 h2_ + b d0 e0_ s1 h2_ + b s_ x d0_ e0_ h2_ 
Return: 206
------------
Added gate: st_16
Input list: 50 60 2 72 36 46 170 58 
z e0 + b e0_ k0 + b s_ x_ e0_ + s e0_ k0_ h2 + x e0_ k0_ h2 + b s_ e0_ h2_ + b d0 e0_ h2_ 
Return: 208
------------
Added gate: st_17
Input list: 2 72 36 46 170 58 
b k0 + b s_ x_ + s k0_ h2 + x k0_ h2 + b s_ h2_ + b d0 h2_ 
Return: 210
------------
Added gate: st_18
Input list: 72 36 46 170 58 
k0 + s_ x_ + s_ h2_ + d0 h2_ 
Return: 212
------------
Added gate: st_19
Input list: 46 170 
x_ + h2_ 
Return: 214
------------
Added gate: st_20
Input list: 60 134 72 120 140 148 52 170 36 46 58 
e0 p1 + e0_ k0 i1 s1 w1_ + a0 e0_ k0 s1_ h2 + s e0_ k0_ s1_ h2 + x e0_ k0_ s1_ h2 + k0_ p1 s1 w1 h2 + s_ e0_ k0_ s1_ h2_ + d0 e0_ k0_ s1_ h2_ + s a0 d0_ e0_ k0 s1_ + s d0_ k0_ p1 s1 w1 + s_ x_ a0 e0_ s1_ h2 + a0 e0_ k0_ s1 w1_ h2 + s_ e0_ k0 i1 s1_ h2_ + d0 e0_ k0 i1 s1_ h2_ + s_ e0_ i1 s1 w1_ h2_ + d0 e0_ i1 s1 w1_ h2_ + s a0 d0_ e0_ k0_ s1 w1_ 
Return: 216
------------
Added gate: st_21
Input list: 72 120 140 148 52 170 36 46 58 
k0 i1 s1 w1_ + a0 k0 s1_ h2 + s k0_ s1_ h2 + x k0_ s1_ h2 + s_ k0_ s1_ h2_ + d0 k0_ s1_ h2_ + s a0 d0_ k0 s1_ + s_ x_ a0 s1_ h2 + a0 k0_ s1 w1_ h2 + s_ k0 i1 s1_ h2_ + d0 k0 i1 s1_ h2_ + s_ i1 s1 w1_ h2_ + d0 i1 s1 w1_ h2_ + s a0 d0_ k0_ s1 w1_ 
Return: 218
------------
Added gate: st_22
Input list: 120 140 148 52 170 36 58 
i1 s1 w1_ + a0 s1_ h2 + s a0 d0_ s1_ + s_ i1 s1_ h2_ + d0 i1 s1_ h2_ 
Return: 220
------------
Added gate: st_23
Input list: 52 170 36 58 120 
a0 h2 + s a0 d0_ + s_ i1 h2_ + d0 i1 h2_ 
Return: 222
------------
Added gate: st_24
Input list: 170 36 58 
h2 + s d0_ 
Return: 224
------------
Added gate: st_25
Input list: 60 156 36 58 72 140 148 166 10 170 46 18 
e0 a2 + s d0_ e0_ k0_ s1_ + e0_ k0 s1 w1_ f2 + f e0_ k0 s1_ h2 + s e0_ k0_ s1_ h2 + x e0_ k0_ s1_ h2 + k0_ s1 w1 a2 h2 + f s d0_ e0_ k0 s1_ + s d0_ k0_ s1 w1 a2 + f s_ x_ e0_ s1_ h2 + f e0_ k0_ s1 w1_ h2 + j s_ e0_ k0_ s1_ h2_ + j d0 e0_ k0_ s1_ h2_ + s_ e0_ k0 s1_ f2 h2_ + d0 e0_ k0 s1_ f2 h2_ + s_ e0_ s1 w1_ f2 h2_ + d0 e0_ s1 w1_ f2 h2_ + f s d0_ e0_ k0_ s1 w1_ 
Return: 226
------------
Added gate: st_26
Input list: 10 60 72 140 36 46 148 156 
f e0_ k0 s1_ + s e0_ k0_ s1_ + x e0_ k0_ s1_ + k0_ s1 w1 a2 + f s_ x_ e0_ s1_ + f e0_ k0_ s1 w1_ 
Return: 228
------------
Added gate: st_27
Input list: 10 72 140 36 46 148 
f k0 s1_ + s k0_ s1_ + x k0_ s1_ + f s_ x_ s1_ + f k0_ s1 w1_ 
Return: 230
------------
Added gate: st_28
Input list: 72 140 36 46 148 
k0 s1_ + s_ x_ s1_ + k0_ s1 w1_ 
Return: 232
------------
Added gate: st_29
Input list: 72 36 46 
k0 + s_ x_ 
Return: 234
------------
Added gate: st_30
Input list: 32 60 140 52 58 72 102 36 46 170 
q e0 s1 + a0 d0 s1_ + a0 e0 s1_ + e0_ k0 z0 s1 + s_ x_ a0 s1_ + s d0_ e0_ s1_ + s d0_ e0_ k0_ s1 + s_ x_ e0_ z0 s1 + s e0_ k0_ s1 h2 + x e0_ k0_ s1 h2 + x d0_ e0_ s1_ h2 + s_ e0_ z0 s1 h2_ + d0 e0_ z0 s1 h2_ + s_ x d0_ e0_ z0 h2_ 
Return: 236
------------
Added gate: st_31
Input list: 32 60 72 102 36 58 46 170 
q e0 + e0_ k0 z0 + s d0_ e0_ k0_ + s_ x_ e0_ z0 + s e0_ k0_ h2 + x e0_ k0_ h2 + s_ e0_ z0 h2_ + d0 e0_ z0 h2_ 
Return: 238
------------
Added gate: st_32
Input list: 72 102 36 58 46 170 
k0 z0 + s d0_ k0_ + s_ x_ z0 + s k0_ h2 + x k0_ h2 + s_ z0 h2_ + d0 z0 h2_ 
Return: 240
------------
Added gate: st_33
Input list: 72 36 46 170 58 
k0 + s_ x_ + s_ h2_ + d0 h2_ 
Return: 242
------------
Added gate: st_34
Input list: 46 170 
x_ + h2_ 
Return: 244
------------
Added gate: st_35
Input list: 60 152 36 58 72 140 148 162 64 170 46 28 
e0 y1 + s d0_ e0_ k0_ s1_ + e0_ k0 s1 w1_ d2 + e0_ g0 k0 s1_ h2 + s e0_ k0_ s1_ h2 + x e0_ k0_ s1_ h2 + k0_ s1 w1 y1 h2 + s d0_ e0_ g0 k0 s1_ + s d0_ k0_ s1 w1 y1 + s_ x_ e0_ g0 s1_ h2 + e0_ g0 k0_ s1 w1_ h2 + o s_ e0_ k0_ s1_ h2_ + o d0 e0_ k0_ s1_ h2_ + s_ e0_ k0 s1_ d2 h2_ + d0 e0_ k0 s1_ d2 h2_ + s_ e0_ s1 w1_ d2 h2_ + d0 e0_ s1 w1_ d2 h2_ + s d0_ e0_ g0 k0_ s1 w1_ 
Return: 246
------------
Added gate: st_36
Input list: 60 64 72 140 36 46 148 152 
e0_ g0 k0 s1_ + s e0_ k0_ s1_ + x e0_ k0_ s1_ + k0_ s1 w1 y1 + s_ x_ e0_ g0 s1_ + e0_ g0 k0_ s1 w1_ 
Return: 248
------------
Added gate: st_37
Input list: 64 72 140 36 46 148 
g0 k0 s1_ + s k0_ s1_ + x k0_ s1_ + s_ x_ g0 s1_ + g0 k0_ s1 w1_ 
Return: 250
------------
Added gate: st_38
Input list: 72 140 36 46 148 
k0 s1_ + s_ x_ s1_ + k0_ s1 w1_ 
Return: 252
------------
Added gate: st_39
Input list: 72 36 46 
k0 + s_ x_ 
Return: 254
------------
Added gate: st_40
Input list: 6 60 140 58 66 72 86 36 46 170 
d e0 s1 + d0 h0 s1_ + e0 h0 s1_ + e0_ k0 r0 s1 + s d0_ e0_ s1_ + s_ x_ h0 s1_ + s d0_ e0_ k0_ s1 + s_ x_ e0_ r0 s1 + s e0_ k0_ s1 h2 + x e0_ k0_ s1 h2 + x d0_ e0_ s1_ h2 + s_ e0_ r0 s1 h2_ + d0 e0_ r0 s1 h2_ + s_ x d0_ e0_ r0 h2_ 
Return: 256
------------
Added gate: st_41
Input list: 6 60 72 86 36 58 46 170 
d e0 + e0_ k0 r0 + s d0_ e0_ k0_ + s_ x_ e0_ r0 + s e0_ k0_ h2 + x e0_ k0_ h2 + s_ e0_ r0 h2_ + d0 e0_ r0 h2_ 
Return: 258
------------
Added gate: st_42
Input list: 72 86 36 58 46 170 
k0 r0 + s d0_ k0_ + s_ x_ r0 + s k0_ h2 + x k0_ h2 + s_ r0 h2_ + d0 r0 h2_ 
Return: 260
------------
Added gate: st_43
Input list: 72 36 46 170 58 
k0 + s_ x_ + s_ h2_ + d0 h2_ 
Return: 262
------------
Added gate: st_44
Input list: 46 170 
x_ + h2_ 
Return: 264
------------
Added gate: st_45
Input list: 10 60 140 58 96 36 72 16 46 170 
f e0 s1 + d0 w0 s1_ + e0 w0 s1_ + s d0_ e0_ k0_ + i e0_ k0 s1 + s d0_ e0_ s1_ + s_ x_ w0 s1_ + i s_ x_ e0_ s1 + s e0_ k0_ s1 h2 + x e0_ k0_ s1 h2 + x d0_ e0_ s1_ h2 + i s_ e0_ s1 h2_ + i d0 e0_ s1 h2_ + i s_ x d0_ e0_ h2_ 
Return: 266
------------
Added gate: st_46
Input list: 10 60 16 72 36 46 170 58 
f e0 + i e0_ k0 + i s_ x_ e0_ + s e0_ k0_ h2 + x e0_ k0_ h2 + i s_ e0_ h2_ + i d0 e0_ h2_ 
Return: 268
------------
Added gate: st_47
Input list: 16 72 36 46 170 58 
i k0 + i s_ x_ + s k0_ h2 + x k0_ h2 + i s_ h2_ + i d0 h2_ 
Return: 270
------------
Added gate: st_48
Input list: 72 36 46 170 58 
k0 + s_ x_ + s_ h2_ + d0 h2_ 
Return: 272
------------
Added gate: st_49
Input list: 46 170 
x_ + h2_ 
Return: 274
------------
Added gate: st_50
Input list: 52 60 140 58 76 36 46 72 160 170 
a0 e0 s1 + d0 m0 s1_ + e0 m0 s1_ + s d0_ e0_ s1_ + s_ x_ m0 s1_ + e0_ k0 s1 c2 + s d0_ e0_ k0_ s1 + s_ x_ e0_ s1 c2 + s e0_ k0_ s1 h2 + x e0_ k0_ s1 h2 + x d0_ e0_ s1_ h2 + s_ e0_ s1 c2 h2_ + d0 e0_ s1 c2 h2_ + s_ x d0_ e0_ c2 h2_ 
Return: 276
------------
Added gate: st_51
Input list: 52 60 72 160 36 58 46 170 
a0 e0 + e0_ k0 c2 + s d0_ e0_ k0_ + s_ x_ e0_ c2 + s e0_ k0_ h2 + x e0_ k0_ h2 + s_ e0_ c2 h2_ + d0 e0_ c2 h2_ 
Return: 278
------------
Added gate: st_52
Input list: 72 160 36 58 46 170 
k0 c2 + s d0_ k0_ + s_ x_ c2 + s k0_ h2 + x k0_ h2 + s_ c2 h2_ + d0 c2 h2_ 
Return: 280
------------
Added gate: st_53
Input list: 72 36 46 170 58 
k0 + s_ x_ + s_ h2_ + d0 h2_ 
Return: 282
------------
Added gate: st_54
Input list: 46 170 
x_ + h2_ 
Return: 284
------------
Added gate: st_55
Input list: 54 60 140 58 156 20 72 36 46 170 
b0 e0 s1 + d0 s1_ a2 + e0 s1_ a2 + k e0_ k0 s1 + s d0_ e0_ s1_ + s_ x_ s1_ a2 + k s_ x_ e0_ s1 + s d0_ e0_ k0_ s1 + s e0_ k0_ s1 h2 + x e0_ k0_ s1 h2 + x d0_ e0_ s1_ h2 + k s_ e0_ s1 h2_ + k d0 e0_ s1 h2_ + k s_ x d0_ e0_ h2_ 
Return: 286
------------
Added gate: st_56
Input list: 54 60 20 72 36 46 58 170 
b0 e0 + k e0_ k0 + k s_ x_ e0_ + s d0_ e0_ k0_ + s e0_ k0_ h2 + x e0_ k0_ h2 + k s_ e0_ h2_ + k d0 e0_ h2_ 
Return: 288
------------
Added gate: st_57
Input list: 20 72 36 46 58 170 
k k0 + k s_ x_ + s d0_ k0_ + s k0_ h2 + x k0_ h2 + k s_ h2_ + k d0 h2_ 
Return: 290
------------
Added gate: st_58
Input list: 72 36 46 170 58 
k0 + s_ x_ + s_ h2_ + d0 h2_ 
Return: 292
------------
Added gate: st_59
Input list: 46 170 
x_ + h2_ 
Return: 294
------------
Added gate: st_60
Input list: 60 64 72 100 140 148 62 170 36 46 58 8 
e0 g0 + e0_ k0 y0 s1 w1_ + e0_ f0 k0 s1_ h2 + s e0_ k0_ s1_ h2 + x e0_ k0_ s1_ h2 + g0 k0_ s1 w1 h2 + s d0_ e0_ f0 k0 s1_ + s d0_ g0 k0_ s1 w1 + s_ x_ e0_ f0 s1_ h2 + e0_ f0 k0_ s1 w1_ h2 + e s_ e0_ k0_ s1_ h2_ + e d0 e0_ k0_ s1_ h2_ + s_ e0_ k0 y0 s1_ h2_ + d0 e0_ k0 y0 s1_ h2_ + s_ e0_ y0 s1 w1_ h2_ + d0 e0_ y0 s1 w1_ h2_ + s d0_ e0_ f0 k0_ s1 w1_ 
Return: 296
------------
Added gate: st_61
Input list: 72 100 140 148 62 170 36 46 58 8 
k0 y0 s1 w1_ + f0 k0 s1_ h2 + s k0_ s1_ h2 + x k0_ s1_ h2 + s d0_ f0 k0 s1_ + s_ x_ f0 s1_ h2 + f0 k0_ s1 w1_ h2 + e s_ k0_ s1_ h2_ + e d0 k0_ s1_ h2_ + s_ k0 y0 s1_ h2_ + d0 k0 y0 s1_ h2_ + s_ y0 s1 w1_ h2_ + d0 y0 s1 w1_ h2_ + s d0_ f0 k0_ s1 w1_ 
Return: 298
------------
Added gate: st_62
Input list: 100 140 148 62 170 36 58 
y0 s1 w1_ + f0 s1_ h2 + s d0_ f0 s1_ + s_ y0 s1_ h2_ + d0 y0 s1_ h2_ 
Return: 300
------------
Added gate: st_63
Input list: 62 170 36 58 100 
f0 h2 + s d0_ f0 + s_ y0 h2_ + d0 y0 h2_ 
Return: 302
------------
Added gate: st_64
Input list: 170 36 58 
h2 + s d0_ 
Return: 304
------------
Added gate: st_65
Input list: 40 60 140 58 172 36 72 164 46 170 
u e0 s1 + d0 s1_ i2 + e0 s1_ i2 + s d0_ e0_ s1_ + e0_ k0 s1 e2 + s_ x_ s1_ i2 + s d0_ e0_ k0_ s1 + s_ x_ e0_ s1 e2 + s e0_ k0_ s1 h2 + x e0_ k0_ s1 h2 + x d0_ e0_ s1_ h2 + s_ e0_ s1 e2 h2_ + d0 e0_ s1 e2 h2_ + s_ x d0_ e0_ e2 h2_ 
Return: 306
------------
Added gate: st_66
Input list: 40 60 72 164 36 58 46 170 
u e0 + e0_ k0 e2 + s d0_ e0_ k0_ + s_ x_ e0_ e2 + s e0_ k0_ h2 + x e0_ k0_ h2 + s_ e0_ e2 h2_ + d0 e0_ e2 h2_ 
Return: 308
------------
Added gate: st_67
Input list: 72 164 36 58 46 170 
k0 e2 + s d0_ k0_ + s_ x_ e2 + s k0_ h2 + x k0_ h2 + s_ e2 h2_ + d0 e2 h2_ 
Return: 310
------------
Added gate: st_68
Input list: 72 36 46 170 58 
k0 + s_ x_ + s_ h2_ + d0 h2_ 
Return: 312
------------
Added gate: st_69
Input list: 46 170 
x_ + h2_ 
Return: 314
------------
Added gate: st_70
Input list: 22 60 140 40 58 30 72 36 46 170 
l e0 s1 + u d0 s1_ + u e0 s1_ + p e0_ k0 s1 + s_ u x_ s1_ + s d0_ e0_ s1_ + p s_ x_ e0_ s1 + s d0_ e0_ k0_ s1 + s e0_ k0_ s1 h2 + x e0_ k0_ s1 h2 + x d0_ e0_ s1_ h2 + p s_ e0_ s1 h2_ + p d0 e0_ s1 h2_ + p s_ x d0_ e0_ h2_ 
Return: 316
------------
Added gate: st_71
Input list: 22 60 30 72 36 46 58 170 
l e0 + p e0_ k0 + p s_ x_ e0_ + s d0_ e0_ k0_ + s e0_ k0_ h2 + x e0_ k0_ h2 + p s_ e0_ h2_ + p d0 e0_ h2_ 
Return: 318
------------
Added gate: st_72
Input list: 30 72 36 46 58 170 
p k0 + p s_ x_ + s d0_ k0_ + s k0_ h2 + x k0_ h2 + p s_ h2_ + p d0 h2_ 
Return: 320
------------
Added gate: st_73
Input list: 72 36 46 170 58 
k0 + s_ x_ + s_ h2_ + d0 h2_ 
Return: 322
------------
Added gate: st_74
Input list: 46 170 
x_ + h2_ 
Return: 324
------------
Added gate: st_75
Input list: 60 62 72 108 140 148 36 170 46 102 58 138 
e0 f0 + e0_ k0 c1 s1 w1_ + s e0_ k0_ s1_ h2 + x e0_ k0_ s1_ h2 + e0_ k0 z0 s1_ h2 + f0 k0_ s1 w1 h2 + s d0_ e0_ k0 z0 s1_ + s d0_ f0 k0_ s1 w1 + s_ x_ e0_ z0 s1_ h2 + e0_ k0_ z0 s1 w1_ h2 + s_ e0_ k0 c1 s1_ h2_ + d0 e0_ k0 c1 s1_ h2_ + s_ e0_ k0_ r1 s1_ h2_ + d0 e0_ k0_ r1 s1_ h2_ + s_ e0_ c1 s1 w1_ h2_ + d0 e0_ c1 s1 w1_ h2_ + s d0_ e0_ k0_ z0 s1 w1_ 
Return: 326
------------
Added gate: st_76
Input list: 72 108 140 148 36 170 46 102 58 138 
k0 c1 s1 w1_ + s k0_ s1_ h2 + x k0_ s1_ h2 + k0 z0 s1_ h2 + s d0_ k0 z0 s1_ + s_ x_ z0 s1_ h2 + k0_ z0 s1 w1_ h2 + s_ k0 c1 s1_ h2_ + d0 k0 c1 s1_ h2_ + s_ k0_ r1 s1_ h2_ + d0 k0_ r1 s1_ h2_ + s_ c1 s1 w1_ h2_ + d0 c1 s1 w1_ h2_ + s d0_ k0_ z0 s1 w1_ 
Return: 328
------------
Added gate: st_77
Input list: 108 140 148 102 170 36 58 
c1 s1 w1_ + z0 s1_ h2 + s d0_ z0 s1_ + s_ c1 s1_ h2_ + d0 c1 s1_ h2_ 
Return: 330
------------
Added gate: st_78
Input list: 102 170 36 58 108 
z0 h2 + s d0_ z0 + s_ c1 h2_ + d0 c1 h2_ 
Return: 332
------------
Added gate: st_79
Input list: 170 36 58 
h2 + s d0_ 
Return: 334
------------
Added gate: st_80
Input list: 28 60 140 58 106 36 72 46 158 170 
o e0 s1 + d0 b1 s1_ + e0 b1 s1_ + s d0_ e0_ k0_ + s d0_ e0_ s1_ + s_ x_ b1 s1_ + e0_ k0 s1 b2 + s_ x_ e0_ s1 b2 + s e0_ k0_ s1 h2 + x e0_ k0_ s1 h2 + x d0_ e0_ s1_ h2 + s_ e0_ s1 b2 h2_ + d0 e0_ s1 b2 h2_ + s_ x d0_ e0_ b2 h2_ 
Return: 336
------------
Added gate: st_81
Input list: 28 60 72 158 36 46 170 58 
o e0 + e0_ k0 b2 + s_ x_ e0_ b2 + s e0_ k0_ h2 + x e0_ k0_ h2 + s_ e0_ b2 h2_ + d0 e0_ b2 h2_ 
Return: 338
------------
Added gate: st_82
Input list: 72 158 36 46 170 58 
k0 b2 + s_ x_ b2 + s k0_ h2 + x k0_ h2 + s_ b2 h2_ + d0 b2 h2_ 
Return: 340
------------
Added gate: st_83
Input list: 72 36 46 170 58 
k0 + s_ x_ + s_ h2_ + d0 h2_ 
Return: 342
------------
Added gate: st_84
Input list: 46 170 
x_ + h2_ 
Return: 344
------------
Added gate: st_85
Input list: 34 60 140 58 92 6 72 36 46 170 
r e0 s1 + d0 u0 s1_ + e0 u0 s1_ + d e0_ k0 s1 + s d0_ e0_ s1_ + s_ x_ u0 s1_ + d s_ x_ e0_ s1 + s d0_ e0_ k0_ s1 + s e0_ k0_ s1 h2 + x e0_ k0_ s1 h2 + x d0_ e0_ s1_ h2 + d s_ e0_ s1 h2_ + d d0 e0_ s1 h2_ + d s_ x d0_ e0_ h2_ 
Return: 346
------------
Added gate: st_86
Input list: 34 60 6 72 36 46 58 170 
r e0 + d e0_ k0 + d s_ x_ e0_ + s d0_ e0_ k0_ + s e0_ k0_ h2 + x e0_ k0_ h2 + d s_ e0_ h2_ + d d0 e0_ h2_ 
Return: 348
------------
Added gate: st_87
Input list: 6 72 36 46 58 170 
d k0 + d s_ x_ + s d0_ k0_ + s k0_ h2 + x k0_ h2 + d s_ h2_ + d d0 h2_ 
Return: 350
------------
Added gate: st_88
Input list: 72 36 46 170 58 
k0 + s_ x_ + s_ h2_ + d0 h2_ 
Return: 352
------------
Added gate: st_89
Input list: 46 170 
x_ + h2_ 
Return: 354
------------
Added gate: st_90
Input list: 60 106 72 104 140 148 30 170 36 46 58 126 
e0 b1 + e0_ k0 a1 s1 w1_ + p e0_ k0 s1_ h2 + s e0_ k0_ s1_ h2 + x e0_ k0_ s1_ h2 + k0_ b1 s1 w1 h2 + p s d0_ e0_ k0 s1_ + s d0_ k0_ b1 s1 w1 + p s_ x_ e0_ s1_ h2 + p e0_ k0_ s1 w1_ h2 + s_ e0_ k0 a1 s1_ h2_ + d0 e0_ k0 a1 s1_ h2_ + s_ e0_ k0_ l1 s1_ h2_ + d0 e0_ k0_ l1 s1_ h2_ + s_ e0_ a1 s1 w1_ h2_ + d0 e0_ a1 s1 w1_ h2_ + p s d0_ e0_ k0_ s1 w1_ 
Return: 356
------------
Added gate: st_91
Input list: 72 104 140 148 30 170 36 46 58 126 
k0 a1 s1 w1_ + p k0 s1_ h2 + s k0_ s1_ h2 + x k0_ s1_ h2 + p s d0_ k0 s1_ + p s_ x_ s1_ h2 + p k0_ s1 w1_ h2 + s_ k0 a1 s1_ h2_ + d0 k0 a1 s1_ h2_ + s_ k0_ l1 s1_ h2_ + d0 k0_ l1 s1_ h2_ + s_ a1 s1 w1_ h2_ + d0 a1 s1 w1_ h2_ + p s d0_ k0_ s1 w1_ 
Return: 358
------------
Added gate: st_92
Input list: 104 140 148 30 170 36 58 
a1 s1 w1_ + p s1_ h2 + p s d0_ s1_ + s_ a1 s1_ h2_ + d0 a1 s1_ h2_ 
Return: 360
------------
Added gate: st_93
Input list: 30 170 36 58 104 
p h2 + p s d0_ + s_ a1 h2_ + d0 a1 h2_ 
Return: 362
------------
Added gate: st_94
Input list: 170 36 58 
h2 + s d0_ 
Return: 364
------------
Added gate: st_95
Input list: 2 60 140 58 110 36 72 26 46 170 
b e0 s1 + d0 d1 s1_ + e0 d1 s1_ + s d0_ e0_ k0_ + n e0_ k0 s1 + s d0_ e0_ s1_ + s_ x_ d1 s1_ + n s_ x_ e0_ s1 + s e0_ k0_ s1 h2 + x e0_ k0_ s1 h2 + x d0_ e0_ s1_ h2 + n s_ e0_ s1 h2_ + n d0 e0_ s1 h2_ + n s_ x d0_ e0_ h2_ 
Return: 366
------------
Added gate: st_96
Input list: 2 60 26 72 36 46 170 58 
b e0 + n e0_ k0 + n s_ x_ e0_ + s e0_ k0_ h2 + x e0_ k0_ h2 + n s_ e0_ h2_ + n d0 e0_ h2_ 
Return: 368
------------
Added gate: st_97
Input list: 26 72 36 46 170 58 
n k0 + n s_ x_ + s k0_ h2 + x k0_ h2 + n s_ h2_ + n d0 h2_ 
Return: 370
------------
Added gate: st_98
Input list: 72 36 46 170 58 
k0 + s_ x_ + s_ h2_ + d0 h2_ 
Return: 372
------------
Added gate: st_99
Input list: 46 170 
x_ + h2_ 
Return: 374
------------
Added gate: st_100
Input list: 44 60 140 58 86 32 72 36 46 170 
w e0 s1 + d0 r0 s1_ + e0 r0 s1_ + q e0_ k0 s1 + s d0_ e0_ s1_ + s_ x_ r0 s1_ + q s_ x_ e0_ s1 + s d0_ e0_ k0_ s1 + s e0_ k0_ s1 h2 + x e0_ k0_ s1 h2 + x d0_ e0_ s1_ h2 + q s_ e0_ s1 h2_ + q d0 e0_ s1 h2_ + q s_ x d0_ e0_ h2_ 
Return: 376
------------
Added gate: st_101
Input list: 44 60 32 72 36 46 58 170 
w e0 + q e0_ k0 + q s_ x_ e0_ + s d0_ e0_ k0_ + s e0_ k0_ h2 + x e0_ k0_ h2 + q s_ e0_ h2_ + q d0 e0_ h2_ 
Return: 378
------------
Added gate: st_102
Input list: 32 72 36 46 58 170 
q k0 + q s_ x_ + s d0_ k0_ + s k0_ h2 + x k0_ h2 + q s_ h2_ + q d0 h2_ 
Return: 380
------------
Added gate: st_103
Input list: 72 36 46 170 58 
k0 + s_ x_ + s_ h2_ + d0 h2_ 
Return: 382
------------
Added gate: st_104
Input list: 46 170 
x_ + h2_ 
Return: 384
------------
Added gate: st_105
Input list: 60 164 72 74 140 148 26 170 36 46 58 166 
e0 e2 + e0_ k0 l0 s1 w1_ + n e0_ k0 s1_ h2 + s e0_ k0_ s1_ h2 + x e0_ k0_ s1_ h2 + k0_ s1 w1 e2 h2 + n s d0_ e0_ k0 s1_ + s d0_ k0_ s1 w1 e2 + n s_ x_ e0_ s1_ h2 + n e0_ k0_ s1 w1_ h2 + s_ e0_ k0 l0 s1_ h2_ + d0 e0_ k0 l0 s1_ h2_ + s_ e0_ l0 s1 w1_ h2_ + d0 e0_ l0 s1 w1_ h2_ + s_ e0_ k0_ s1_ f2 h2_ + d0 e0_ k0_ s1_ f2 h2_ + n s d0_ e0_ k0_ s1 w1_ 
Return: 386
------------
Added gate: st_106
Input list: 72 74 140 148 26 170 36 46 58 166 
k0 l0 s1 w1_ + n k0 s1_ h2 + s k0_ s1_ h2 + x k0_ s1_ h2 + n s d0_ k0 s1_ + n s_ x_ s1_ h2 + n k0_ s1 w1_ h2 + s_ k0 l0 s1_ h2_ + d0 k0 l0 s1_ h2_ + s_ l0 s1 w1_ h2_ + d0 l0 s1 w1_ h2_ + s_ k0_ s1_ f2 h2_ + d0 k0_ s1_ f2 h2_ + n s d0_ k0_ s1 w1_ 
Return: 388
------------
Added gate: st_107
Input list: 74 140 148 26 170 36 58 
l0 s1 w1_ + n s1_ h2 + n s d0_ s1_ + s_ l0 s1_ h2_ + d0 l0 s1_ h2_ 
Return: 390
------------
Added gate: st_108
Input list: 26 170 36 58 74 
n h2 + n s d0_ + s_ l0 h2_ + d0 l0 h2_ 
Return: 392
------------
Added gate: st_109
Input list: 170 36 58 
h2 + s d0_ 
Return: 394
------------
Added gate: st_110
Input list: 14 60 140 58 80 72 94 36 46 170 
h e0 s1 + d0 o0 s1_ + e0 o0 s1_ + e0_ k0 v0 s1 + s d0_ e0_ s1_ + s_ x_ o0 s1_ + s d0_ e0_ k0_ s1 + s_ x_ e0_ v0 s1 + s e0_ k0_ s1 h2 + x e0_ k0_ s1 h2 + x d0_ e0_ s1_ h2 + s_ e0_ v0 s1 h2_ + d0 e0_ v0 s1 h2_ + s_ x d0_ e0_ v0 h2_ 
Return: 396
------------
Added gate: st_111
Input list: 14 60 72 94 36 58 46 170 
h e0 + e0_ k0 v0 + s d0_ e0_ k0_ + s_ x_ e0_ v0 + s e0_ k0_ h2 + x e0_ k0_ h2 + s_ e0_ v0 h2_ + d0 e0_ v0 h2_ 
Return: 398
------------
Added gate: st_112
Input list: 72 94 36 58 46 170 
k0 v0 + s d0_ k0_ + s_ x_ v0 + s k0_ h2 + x k0_ h2 + s_ v0 h2_ + d0 v0 h2_ 
Return: 400
------------
Added gate: st_113
Input list: 72 36 46 170 58 
k0 + s_ x_ + s_ h2_ + d0 h2_ 
Return: 402
------------
Added gate: st_114
Input list: 46 170 
x_ + h2_ 
Return: 404
------------
Added gate: st_115
Input list: 18 60 140 58 62 36 72 46 162 170 
j e0 s1 + d0 f0 s1_ + e0 f0 s1_ + s d0_ e0_ k0_ + s d0_ e0_ s1_ + s_ x_ f0 s1_ + e0_ k0 s1 d2 + s_ x_ e0_ s1 d2 + s e0_ k0_ s1 h2 + x e0_ k0_ s1 h2 + x d0_ e0_ s1_ h2 + s_ e0_ s1 d2 h2_ + d0 e0_ s1 d2 h2_ + s_ x d0_ e0_ d2 h2_ 
Return: 406
------------
Added gate: st_116
Input list: 18 60 72 162 36 46 170 58 
j e0 + e0_ k0 d2 + s_ x_ e0_ d2 + s e0_ k0_ h2 + x e0_ k0_ h2 + s_ e0_ d2 h2_ + d0 e0_ d2 h2_ 
Return: 408
------------
Added gate: st_117
Input list: 72 162 36 46 170 58 
k0 d2 + s_ x_ d2 + s k0_ h2 + x k0_ h2 + s_ d2 h2_ + d0 d2 h2_ 
Return: 410
------------
Added gate: st_118
Input list: 72 36 46 170 58 
k0 + s_ x_ + s_ h2_ + d0 h2_ 
Return: 412
------------
Added gate: st_119
Input list: 46 170 
x_ + h2_ 
Return: 414
------------
Added gate: st_120
Input list: 24 60 140 58 68 72 98 36 46 170 
m e0 s1 + d0 i0 s1_ + e0 i0 s1_ + e0_ k0 x0 s1 + s d0_ e0_ s1_ + s_ x_ i0 s1_ + s d0_ e0_ k0_ s1 + s_ x_ e0_ x0 s1 + s e0_ k0_ s1 h2 + x e0_ k0_ s1 h2 + x d0_ e0_ s1_ h2 + s_ e0_ x0 s1 h2_ + d0 e0_ x0 s1 h2_ + s_ x d0_ e0_ x0 h2_ 
Return: 416
------------
Added gate: st_121
Input list: 24 60 72 98 36 58 46 170 
m e0 + e0_ k0 x0 + s d0_ e0_ k0_ + s_ x_ e0_ x0 + s e0_ k0_ h2 + x e0_ k0_ h2 + s_ e0_ x0 h2_ + d0 e0_ x0 h2_ 
Return: 418
------------
Added gate: st_122
Input list: 72 98 36 58 46 170 
k0 x0 + s d0_ k0_ + s_ x_ x0 + s k0_ h2 + x k0_ h2 + s_ x0 h2_ + d0 x0 h2_ 
Return: 420
------------
Added gate: st_123
Input list: 72 36 46 170 58 
k0 + s_ x_ + s_ h2_ + d0 h2_ 
Return: 422
------------
Added gate: st_124
Input list: 46 170 
x_ + h2_ 
Return: 424
------------
Added gate: st_125
Input list: 60 100 72 118 140 148 4 170 36 46 58 
e0 y0 + e0_ k0 h1 s1 w1_ + c e0_ k0 s1_ h2 + s e0_ k0_ s1_ h2 + x e0_ k0_ s1_ h2 + k0_ y0 s1 w1 h2 + s_ e0_ k0_ s1_ h2_ + d0 e0_ k0_ s1_ h2_ + c s d0_ e0_ k0 s1_ + s d0_ k0_ y0 s1 w1 + c s_ x_ e0_ s1_ h2 + c e0_ k0_ s1 w1_ h2 + s_ e0_ k0 h1 s1_ h2_ + d0 e0_ k0 h1 s1_ h2_ + s_ e0_ h1 s1 w1_ h2_ + d0 e0_ h1 s1 w1_ h2_ + c s d0_ e0_ k0_ s1 w1_ 
Return: 426
------------
Added gate: st_126
Input list: 72 118 140 148 4 170 36 46 58 
k0 h1 s1 w1_ + c k0 s1_ h2 + s k0_ s1_ h2 + x k0_ s1_ h2 + s_ k0_ s1_ h2_ + d0 k0_ s1_ h2_ + c s d0_ k0 s1_ + c s_ x_ s1_ h2 + c k0_ s1 w1_ h2 + s_ k0 h1 s1_ h2_ + d0 k0 h1 s1_ h2_ + s_ h1 s1 w1_ h2_ + d0 h1 s1 w1_ h2_ + c s d0_ k0_ s1 w1_ 
Return: 428
------------
Added gate: st_127
Input list: 118 140 148 4 170 36 58 
h1 s1 w1_ + c s1_ h2 + c s d0_ s1_ + s_ h1 s1_ h2_ + d0 h1 s1_ h2_ 
Return: 430
------------
Added gate: st_128
Input list: 4 170 36 58 118 
c h2 + c s d0_ + s_ h1 h2_ + d0 h1 h2_ 
Return: 432
------------
Added gate: st_129
Input list: 170 36 58 
h2 + s d0_ 
Return: 434
------------
Added gate: st_130
Input list: 60 174 8 72 140 148 36 170 46 162 58 76 
e0 j2 + e e0_ k0 s1 w1_ + s e0_ k0_ s1_ h2 + x e0_ k0_ s1_ h2 + e0_ k0 s1_ d2 h2 + k0_ s1 w1 h2 j2 + s d0_ e0_ k0 s1_ d2 + s_ x_ e0_ s1_ d2 h2 + e0_ k0_ s1 w1_ d2 h2 + e s_ e0_ k0 s1_ h2_ + e d0 e0_ k0 s1_ h2_ + s_ e0_ k0_ m0 s1_ h2_ + d0 e0_ k0_ m0 s1_ h2_ + e s_ e0_ s1 w1_ h2_ + e d0 e0_ s1 w1_ h2_ + s d0_ k0_ s1 w1 j2 + s d0_ e0_ k0_ s1 w1_ d2 
Return: 436
------------
Added gate: st_131
Input list: 8 72 140 148 36 170 46 162 58 76 
e k0 s1 w1_ + s k0_ s1_ h2 + x k0_ s1_ h2 + k0 s1_ d2 h2 + s d0_ k0 s1_ d2 + s_ x_ s1_ d2 h2 + k0_ s1 w1_ d2 h2 + e s_ k0 s1_ h2_ + e d0 k0 s1_ h2_ + s_ k0_ m0 s1_ h2_ + d0 k0_ m0 s1_ h2_ + e s_ s1 w1_ h2_ + e d0 s1 w1_ h2_ + s d0_ k0_ s1 w1_ d2 
Return: 438
------------
Added gate: st_132
Input list: 72 140 148 36 170 58 
k0 s1 w1_ + s_ k0 s1_ h2_ + d0 k0 s1_ h2_ + s_ s1 w1_ h2_ + d0 s1 w1_ h2_ 
Return: 440
------------
Added gate: st_133
Input list: 140 148 36 170 58 
s1 w1_ + s_ s1_ h2_ + d0 s1_ h2_ 
Return: 442
------------
Added gate: st_134
Input list: 140 170 
s1_ h2_ 
Return: 444
------------
Added gate: st_135
Input list: 36 58 
s_ + d0 
Return: 446
------------
Added gate: st_136
Input list: 60 84 72 116 140 148 36 170 46 78 58 
e0 q0 + e0_ k0 g1 s1 w1_ + s e0_ k0_ s1_ h2 + x e0_ k0_ s1_ h2 + e0_ k0 n0 s1_ h2 + k0_ q0 s1 w1 h2 + s_ e0_ k0_ s1_ h2_ + d0 e0_ k0_ s1_ h2_ + s d0_ e0_ k0 n0 s1_ + s d0_ k0_ q0 s1 w1 + s_ x_ e0_ n0 s1_ h2 + e0_ k0_ n0 s1 w1_ h2 + s_ e0_ k0 g1 s1_ h2_ + d0 e0_ k0 g1 s1_ h2_ + s_ e0_ g1 s1 w1_ h2_ + d0 e0_ g1 s1 w1_ h2_ + s d0_ e0_ k0_ n0 s1 w1_ 
Return: 448
------------
Added gate: st_137
Input list: 72 116 140 148 36 170 46 78 58 
k0 g1 s1 w1_ + s k0_ s1_ h2 + x k0_ s1_ h2 + k0 n0 s1_ h2 + s_ k0_ s1_ h2_ + d0 k0_ s1_ h2_ + s d0_ k0 n0 s1_ + s_ x_ n0 s1_ h2 + k0_ n0 s1 w1_ h2 + s_ k0 g1 s1_ h2_ + d0 k0 g1 s1_ h2_ + s_ g1 s1 w1_ h2_ + d0 g1 s1 w1_ h2_ + s d0_ k0_ n0 s1 w1_ 
Return: 450
------------
Added gate: st_138
Input list: 116 140 148 78 170 36 58 
g1 s1 w1_ + n0 s1_ h2 + s d0_ n0 s1_ + s_ g1 s1_ h2_ + d0 g1 s1_ h2_ 
Return: 452
------------
Added gate: st_139
Input list: 78 170 36 58 116 
n0 h2 + s d0_ n0 + s_ g1 h2_ + d0 g1 h2_ 
Return: 454
------------
Added gate: st_140
Input list: 170 36 58 
h2 + s d0_ 
Return: 456
------------
Added gate: st_141
Input list: 60 160 0 72 140 148 36 170 46 158 58 172 
e0 c2 + a e0_ k0 s1 w1_ + s e0_ k0_ s1_ h2 + x e0_ k0_ s1_ h2 + e0_ k0 s1_ b2 h2 + k0_ s1 w1 c2 h2 + s d0_ e0_ k0 s1_ b2 + s d0_ k0_ s1 w1 c2 + s_ x_ e0_ s1_ b2 h2 + e0_ k0_ s1 w1_ b2 h2 + a s_ e0_ k0 s1_ h2_ + a d0 e0_ k0 s1_ h2_ + a s_ e0_ s1 w1_ h2_ + a d0 e0_ s1 w1_ h2_ + s_ e0_ k0_ s1_ h2_ i2 + d0 e0_ k0_ s1_ h2_ i2 + s d0_ e0_ k0_ s1 w1_ b2 
Return: 458
------------
Added gate: st_142
Input list: 0 72 140 148 36 170 46 158 58 172 
a k0 s1 w1_ + s k0_ s1_ h2 + x k0_ s1_ h2 + k0 s1_ b2 h2 + s d0_ k0 s1_ b2 + s_ x_ s1_ b2 h2 + k0_ s1 w1_ b2 h2 + a s_ k0 s1_ h2_ + a d0 k0 s1_ h2_ + a s_ s1 w1_ h2_ + a d0 s1 w1_ h2_ + s_ k0_ s1_ h2_ i2 + d0 k0_ s1_ h2_ i2 + s d0_ k0_ s1 w1_ b2 
Return: 460
------------
Added gate: st_143
Input list: 72 140 148 36 170 58 
k0 s1 w1_ + s_ k0 s1_ h2_ + d0 k0 s1_ h2_ + s_ s1 w1_ h2_ + d0 s1 w1_ h2_ 
Return: 462
------------
Added gate: st_144
Input list: 140 148 36 170 58 
s1 w1_ + s_ s1_ h2_ + d0 s1_ h2_ 
Return: 464
------------
Added gate: st_145
Input list: 140 170 
s1_ h2_ 
Return: 466
------------
Added gate: st_146
Input list: 36 58 
s_ + d0 
Return: 468
------------
Added gate: st_147
Input list: 60 110 72 114 140 148 20 170 36 46 58 130 
e0 d1 + e0_ k0 f1 s1 w1_ + k e0_ k0 s1_ h2 + s e0_ k0_ s1_ h2 + x e0_ k0_ s1_ h2 + k0_ d1 s1 w1 h2 + k s d0_ e0_ k0 s1_ + s d0_ k0_ d1 s1 w1 + k s_ x_ e0_ s1_ h2 + k e0_ k0_ s1 w1_ h2 + s_ e0_ k0 f1 s1_ h2_ + d0 e0_ k0 f1 s1_ h2_ + s_ e0_ k0_ n1 s1_ h2_ + d0 e0_ k0_ n1 s1_ h2_ + s_ e0_ f1 s1 w1_ h2_ + d0 e0_ f1 s1 w1_ h2_ + k s d0_ e0_ k0_ s1 w1_ 
Return: 470
------------
Added gate: st_148
Input list: 72 114 140 148 20 170 36 46 58 130 
k0 f1 s1 w1_ + k k0 s1_ h2 + s k0_ s1_ h2 + x k0_ s1_ h2 + k s d0_ k0 s1_ + k s_ x_ s1_ h2 + k k0_ s1 w1_ h2 + s_ k0 f1 s1_ h2_ + d0 k0 f1 s1_ h2_ + s_ k0_ n1 s1_ h2_ + d0 k0_ n1 s1_ h2_ + s_ f1 s1 w1_ h2_ + d0 f1 s1 w1_ h2_ + k s d0_ k0_ s1 w1_ 
Return: 472
------------
Added gate: st_149
Input list: 114 140 148 20 170 36 58 
f1 s1 w1_ + k s1_ h2 + k s d0_ s1_ + s_ f1 s1_ h2_ + d0 f1 s1_ h2_ 
Return: 474
------------
Added gate: st_150
Input list: 20 170 36 58 114 
k h2 + k s d0_ + s_ f1 h2_ + d0 f1 h2_ 
Return: 476
------------
Added gate: st_151
Input list: 170 36 58 
h2 + s d0_ 
Return: 478
------------
Added gate: st_152
Input list: 38 60 140 26 58 36 72 10 46 170 
t e0 s1 + n d0 s1_ + n e0 s1_ + s d0_ e0_ k0_ + f e0_ k0 s1 + n s_ x_ s1_ + s d0_ e0_ s1_ + f s_ x_ e0_ s1 + s e0_ k0_ s1 h2 + x e0_ k0_ s1 h2 + x d0_ e0_ s1_ h2 + f s_ e0_ s1 h2_ + f d0 e0_ s1 h2_ + f s_ x d0_ e0_ h2_ 
Return: 480
------------
Added gate: st_153
Input list: 38 60 10 72 36 46 170 58 
t e0 + f e0_ k0 + f s_ x_ e0_ + s e0_ k0_ h2 + x e0_ k0_ h2 + f s_ e0_ h2_ + f d0 e0_ h2_ 
Return: 482
------------
Added gate: st_154
Input list: 10 72 36 46 170 58 
f k0 + f s_ x_ + s k0_ h2 + x k0_ h2 + f s_ h2_ + f d0 h2_ 
Return: 484
------------
Added gate: st_155
Input list: 72 36 46 170 58 
k0 + s_ x_ + s_ h2_ + d0 h2_ 
Return: 486
------------
Added gate: st_156
Input list: 46 170 
x_ + h2_ 
Return: 488
------------
Added gate: st_157
Input list: 60 96 72 112 140 148 12 170 36 46 58 
e0 w0 + e0_ k0 e1 s1 w1_ + g e0_ k0 s1_ h2 + s e0_ k0_ s1_ h2 + x e0_ k0_ s1_ h2 + k0_ w0 s1 w1 h2 + s_ e0_ k0_ s1_ h2_ + d0 e0_ k0_ s1_ h2_ + g s d0_ e0_ k0 s1_ + s d0_ k0_ w0 s1 w1 + g s_ x_ e0_ s1_ h2 + g e0_ k0_ s1 w1_ h2 + s_ e0_ k0 e1 s1_ h2_ + d0 e0_ k0 e1 s1_ h2_ + s_ e0_ e1 s1 w1_ h2_ + d0 e0_ e1 s1 w1_ h2_ + g s d0_ e0_ k0_ s1 w1_ 
Return: 490
------------
Added gate: st_158
Input list: 72 112 140 148 12 170 36 46 58 
k0 e1 s1 w1_ + g k0 s1_ h2 + s k0_ s1_ h2 + x k0_ s1_ h2 + s_ k0_ s1_ h2_ + d0 k0_ s1_ h2_ + g s d0_ k0 s1_ + g s_ x_ s1_ h2 + g k0_ s1 w1_ h2 + s_ k0 e1 s1_ h2_ + d0 k0 e1 s1_ h2_ + s_ e1 s1 w1_ h2_ + d0 e1 s1 w1_ h2_ + g s d0_ k0_ s1 w1_ 
Return: 492
------------
Added gate: st_159
Input list: 112 140 148 12 170 36 58 
e1 s1 w1_ + g s1_ h2 + g s d0_ s1_ + s_ e1 s1_ h2_ + d0 e1 s1_ h2_ 
Return: 494
------------
Added gate: st_160
Input list: 12 170 36 58 112 
g h2 + g s d0_ + s_ e1 h2_ + d0 e1 h2_ 
Return: 496
------------
Added gate: st_161
Input list: 170 36 58 
h2 + s d0_ 
Return: 498
------------
Added gate: st_162
Input list: 60 168 16 72 140 148 36 170 46 166 58 64 
e0 g2 + i e0_ k0 s1 w1_ + s e0_ k0_ s1_ h2 + x e0_ k0_ s1_ h2 + e0_ k0 s1_ f2 h2 + k0_ s1 w1 g2 h2 + s d0_ e0_ k0 s1_ f2 + s d0_ k0_ s1 w1 g2 + s_ x_ e0_ s1_ f2 h2 + e0_ k0_ s1 w1_ f2 h2 + i s_ e0_ k0 s1_ h2_ + i d0 e0_ k0 s1_ h2_ + s_ e0_ g0 k0_ s1_ h2_ + d0 e0_ g0 k0_ s1_ h2_ + i s_ e0_ s1 w1_ h2_ + i d0 e0_ s1 w1_ h2_ + s d0_ e0_ k0_ s1 w1_ f2 
Return: 500
------------
Added gate: st_163
Input list: 16 72 140 148 36 170 46 166 58 64 
i k0 s1 w1_ + s k0_ s1_ h2 + x k0_ s1_ h2 + k0 s1_ f2 h2 + s d0_ k0 s1_ f2 + s_ x_ s1_ f2 h2 + k0_ s1 w1_ f2 h2 + i s_ k0 s1_ h2_ + i d0 k0 s1_ h2_ + s_ g0 k0_ s1_ h2_ + d0 g0 k0_ s1_ h2_ + i s_ s1 w1_ h2_ + i d0 s1 w1_ h2_ + s d0_ k0_ s1 w1_ f2 
Return: 502
------------
Added gate: st_164
Input list: 72 140 148 36 170 58 
k0 s1 w1_ + s_ k0 s1_ h2_ + d0 k0 s1_ h2_ + s_ s1 w1_ h2_ + d0 s1 w1_ h2_ 
Return: 504
------------
Added gate: st_165
Input list: 140 148 36 170 58 
s1 w1_ + s_ s1_ h2_ + d0 s1_ h2_ 
Return: 506
------------
Added gate: st_166
Input list: 140 170 
s1_ h2_ 
Return: 508
------------
Added gate: st_167
Input list: 36 58 
s_ + d0 
Return: 510
------------
Added gate: st_168
Input list: 60 172 72 90 140 148 36 170 46 110 58 74 
e0 i2 + e0_ k0 t0 s1 w1_ + s e0_ k0_ s1_ h2 + x e0_ k0_ s1_ h2 + e0_ k0 d1 s1_ h2 + k0_ s1 w1 h2 i2 + s d0_ e0_ k0 d1 s1_ + s_ x_ e0_ d1 s1_ h2 + e0_ k0_ d1 s1 w1_ h2 + s_ e0_ k0_ l0 s1_ h2_ + d0 e0_ k0_ l0 s1_ h2_ + s_ e0_ k0 t0 s1_ h2_ + d0 e0_ k0 t0 s1_ h2_ + s_ e0_ t0 s1 w1_ h2_ + d0 e0_ t0 s1 w1_ h2_ + s d0_ k0_ s1 w1 i2 + s d0_ e0_ k0_ d1 s1 w1_ 
Return: 512
------------
Added gate: st_169
Input list: 72 90 140 148 36 170 46 110 58 74 
k0 t0 s1 w1_ + s k0_ s1_ h2 + x k0_ s1_ h2 + k0 d1 s1_ h2 + s d0_ k0 d1 s1_ + s_ x_ d1 s1_ h2 + k0_ d1 s1 w1_ h2 + s_ k0_ l0 s1_ h2_ + d0 k0_ l0 s1_ h2_ + s_ k0 t0 s1_ h2_ + d0 k0 t0 s1_ h2_ + s_ t0 s1 w1_ h2_ + d0 t0 s1 w1_ h2_ + s d0_ k0_ d1 s1 w1_ 
Return: 514
------------
Added gate: st_170
Input list: 90 140 148 110 170 36 58 
t0 s1 w1_ + d1 s1_ h2 + s d0_ d1 s1_ + s_ t0 s1_ h2_ + d0 t0 s1_ h2_ 
Return: 516
------------
Added gate: st_171
Input list: 110 170 36 58 90 
d1 h2 + s d0_ d1 + s_ t0 h2_ + d0 t0 h2_ 
Return: 518
------------
Added gate: st_172
Input list: 170 36 58 
h2 + s d0_ 
Return: 520
------------
Added gate: st_173
Input list: 60 76 72 84 140 148 36 170 46 106 58 0 
e0 m0 + e0_ k0 q0 s1 w1_ + s e0_ k0_ s1_ h2 + x e0_ k0_ s1_ h2 + e0_ k0 b1 s1_ h2 + k0_ m0 s1 w1 h2 + s d0_ e0_ k0 b1 s1_ + s d0_ k0_ m0 s1 w1 + s_ x_ e0_ b1 s1_ h2 + e0_ k0_ b1 s1 w1_ h2 + a s_ e0_ k0_ s1_ h2_ + a d0 e0_ k0_ s1_ h2_ + s_ e0_ k0 q0 s1_ h2_ + d0 e0_ k0 q0 s1_ h2_ + s_ e0_ q0 s1 w1_ h2_ + d0 e0_ q0 s1 w1_ h2_ + s d0_ e0_ k0_ b1 s1 w1_ 
Return: 522
------------
Added gate: st_174
Input list: 72 84 140 148 36 170 46 106 58 0 
k0 q0 s1 w1_ + s k0_ s1_ h2 + x k0_ s1_ h2 + k0 b1 s1_ h2 + s d0_ k0 b1 s1_ + s_ x_ b1 s1_ h2 + k0_ b1 s1 w1_ h2 + a s_ k0_ s1_ h2_ + a d0 k0_ s1_ h2_ + s_ k0 q0 s1_ h2_ + d0 k0 q0 s1_ h2_ + s_ q0 s1 w1_ h2_ + d0 q0 s1 w1_ h2_ + s d0_ k0_ b1 s1 w1_ 
Return: 524
------------
Added gate: st_175
Input list: 84 140 148 106 170 36 58 
q0 s1 w1_ + b1 s1_ h2 + s d0_ b1 s1_ + s_ q0 s1_ h2_ + d0 q0 s1_ h2_ 
Return: 526
------------
Added gate: st_176
Input list: 106 170 36 58 84 
b1 h2 + s d0_ b1 + s_ q0 h2_ + d0 q0 h2_ 
Return: 528
------------
Added gate: st_177
Input list: 170 36 58 
h2 + s d0_ 
Return: 530
------------
Added gate: st_178
Input list: 60 162 72 138 140 148 36 170 46 100 58 106 
e0 d2 + e0_ k0 r1 s1 w1_ + s e0_ k0_ s1_ h2 + x e0_ k0_ s1_ h2 + e0_ k0 y0 s1_ h2 + k0_ s1 w1 d2 h2 + s d0_ e0_ k0 y0 s1_ + s d0_ k0_ s1 w1 d2 + s_ x_ e0_ y0 s1_ h2 + e0_ k0_ y0 s1 w1_ h2 + s_ e0_ k0_ b1 s1_ h2_ + d0 e0_ k0_ b1 s1_ h2_ + s_ e0_ k0 r1 s1_ h2_ + d0 e0_ k0 r1 s1_ h2_ + s_ e0_ r1 s1 w1_ h2_ + d0 e0_ r1 s1 w1_ h2_ + s d0_ e0_ k0_ y0 s1 w1_ 
Return: 532
------------
Added gate: st_179
Input list: 72 138 140 148 36 170 46 100 58 106 
k0 r1 s1 w1_ + s k0_ s1_ h2 + x k0_ s1_ h2 + k0 y0 s1_ h2 + s d0_ k0 y0 s1_ + s_ x_ y0 s1_ h2 + k0_ y0 s1 w1_ h2 + s_ k0_ b1 s1_ h2_ + d0 k0_ b1 s1_ h2_ + s_ k0 r1 s1_ h2_ + d0 k0 r1 s1_ h2_ + s_ r1 s1 w1_ h2_ + d0 r1 s1 w1_ h2_ + s d0_ k0_ y0 s1 w1_ 
Return: 534
------------
Added gate: st_180
Input list: 138 140 148 100 170 36 58 
r1 s1 w1_ + y0 s1_ h2 + s d0_ y0 s1_ + s_ r1 s1_ h2_ + d0 r1 s1_ h2_ 
Return: 536
------------
Added gate: st_181
Input list: 100 170 36 58 138 
y0 h2 + s d0_ y0 + s_ r1 h2_ + d0 r1 h2_ 
Return: 538
------------
Added gate: st_182
Input list: 170 36 58 
h2 + s d0_ 
Return: 540
------------
Added gate: st_183
Input list: 60 94 36 58 72 140 4 148 170 46 102 68 
e0 v0 + s d0_ e0_ k0_ s1_ + c e0_ k0 s1 w1_ + s e0_ k0_ s1_ h2 + x e0_ k0_ s1_ h2 + e0_ k0 z0 s1_ h2 + k0_ v0 s1 w1 h2 + s d0_ e0_ k0 z0 s1_ + s d0_ k0_ v0 s1 w1 + s_ x_ e0_ z0 s1_ h2 + e0_ k0_ z0 s1 w1_ h2 + c s_ e0_ k0 s1_ h2_ + c d0 e0_ k0 s1_ h2_ + s_ e0_ i0 k0_ s1_ h2_ + d0 e0_ i0 k0_ s1_ h2_ + c s_ e0_ s1 w1_ h2_ + c d0 e0_ s1 w1_ h2_ + s d0_ e0_ k0_ z0 s1 w1_ 
Return: 542
------------
Added gate: st_184
Input list: 36 60 72 140 46 102 94 148 
s e0_ k0_ s1_ + x e0_ k0_ s1_ + e0_ k0 z0 s1_ + k0_ v0 s1 w1 + s_ x_ e0_ z0 s1_ + e0_ k0_ z0 s1 w1_ 
Return: 544
------------
Added gate: st_185
Input list: 36 72 140 46 102 148 
s k0_ s1_ + x k0_ s1_ + k0 z0 s1_ + s_ x_ z0 s1_ + k0_ z0 s1 w1_ 
Return: 546
------------
Added gate: st_186
Input list: 36 140 46 102 148 
s s1_ + x s1_ + z0 s1 w1_ 
Return: 548
------------
Added gate: st_187
Input list: 36 46 
s + x 
Return: 550
------------
Added gate: st_188
Input list: 60 166 72 134 140 148 36 170 46 96 58 62 
e0 f2 + e0_ k0 p1 s1 w1_ + s e0_ k0_ s1_ h2 + x e0_ k0_ s1_ h2 + e0_ k0 w0 s1_ h2 + k0_ s1 w1 f2 h2 + s d0_ e0_ k0 w0 s1_ + s d0_ k0_ s1 w1 f2 + s_ x_ e0_ w0 s1_ h2 + e0_ k0_ w0 s1 w1_ h2 + s_ e0_ f0 k0_ s1_ h2_ + d0 e0_ f0 k0_ s1_ h2_ + s_ e0_ k0 p1 s1_ h2_ + d0 e0_ k0 p1 s1_ h2_ + s_ e0_ p1 s1 w1_ h2_ + d0 e0_ p1 s1 w1_ h2_ + s d0_ e0_ k0_ w0 s1 w1_ 
Return: 552
------------
Added gate: st_189
Input list: 72 134 140 148 36 170 46 96 58 62 
k0 p1 s1 w1_ + s k0_ s1_ h2 + x k0_ s1_ h2 + k0 w0 s1_ h2 + s d0_ k0 w0 s1_ + s_ x_ w0 s1_ h2 + k0_ w0 s1 w1_ h2 + s_ f0 k0_ s1_ h2_ + d0 f0 k0_ s1_ h2_ + s_ k0 p1 s1_ h2_ + d0 k0 p1 s1_ h2_ + s_ p1 s1 w1_ h2_ + d0 p1 s1 w1_ h2_ + s d0_ k0_ w0 s1 w1_ 
Return: 554
------------
Added gate: st_190
Input list: 134 140 148 96 170 36 58 
p1 s1 w1_ + w0 s1_ h2 + s d0_ w0 s1_ + s_ p1 s1_ h2_ + d0 p1 s1_ h2_ 
Return: 556
------------
Added gate: st_191
Input list: 96 170 36 58 134 
w0 h2 + s d0_ w0 + s_ p1 h2_ + d0 p1 h2_ 
Return: 558
------------
Added gate: st_192
Input list: 170 36 58 
h2 + s d0_ 
Return: 560
------------
Added gate: st_193
Input list: 60 98 36 58 72 140 78 148 30 170 46 92 
e0 x0 + s d0_ e0_ k0_ s1_ + e0_ k0 n0 s1 w1_ + p e0_ k0 s1_ h2 + s e0_ k0_ s1_ h2 + x e0_ k0_ s1_ h2 + k0_ x0 s1 w1 h2 + p s d0_ e0_ k0 s1_ + s d0_ k0_ x0 s1 w1 + p s_ x_ e0_ s1_ h2 + p e0_ k0_ s1 w1_ h2 + s_ e0_ k0 n0 s1_ h2_ + d0 e0_ k0 n0 s1_ h2_ + s_ e0_ k0_ u0 s1_ h2_ + d0 e0_ k0_ u0 s1_ h2_ + s_ e0_ n0 s1 w1_ h2_ + d0 e0_ n0 s1 w1_ h2_ + p s d0_ e0_ k0_ s1 w1_ 
Return: 562
------------
Added gate: st_194
Input list: 30 60 72 140 36 46 98 148 
p e0_ k0 s1_ + s e0_ k0_ s1_ + x e0_ k0_ s1_ + k0_ x0 s1 w1 + p s_ x_ e0_ s1_ + p e0_ k0_ s1 w1_ 
Return: 564
------------
Added gate: st_195
Input list: 30 72 140 36 46 148 
p k0 s1_ + s k0_ s1_ + x k0_ s1_ + p s_ x_ s1_ + p k0_ s1 w1_ 
Return: 566
------------
Added gate: st_196
Input list: 72 140 36 46 148 
k0 s1_ + s_ x_ s1_ + k0_ s1 w1_ 
Return: 568
------------
Added gate: st_197
Input list: 72 36 46 
k0 + s_ x_ 
Return: 570
------------
Added gate: st_198
Input list: 26 60 140 58 146 36 72 96 46 170 
n e0 s1 + d0 s1_ v1 + e0 s1_ v1 + s d0_ e0_ k0_ + e0_ k0 w0 s1 + s d0_ e0_ s1_ + s_ x_ s1_ v1 + s_ x_ e0_ w0 s1 + s e0_ k0_ s1 h2 + x e0_ k0_ s1 h2 + x d0_ e0_ s1_ h2 + s_ e0_ w0 s1 h2_ + d0 e0_ w0 s1 h2_ + s_ x d0_ e0_ w0 h2_ 
Return: 572
------------
Added gate: st_199
Input list: 26 60 72 96 36 46 170 58 
n e0 + e0_ k0 w0 + s_ x_ e0_ w0 + s e0_ k0_ h2 + x e0_ k0_ h2 + s_ e0_ w0 h2_ + d0 e0_ w0 h2_ 
Return: 574
------------
Added gate: st_200
Input list: 72 96 36 46 170 58 
k0 w0 + s_ x_ w0 + s k0_ h2 + x k0_ h2 + s_ w0 h2_ + d0 w0 h2_ 
Return: 576
------------
Added gate: st_201
Input list: 72 36 46 170 58 
k0 + s_ x_ + s_ h2_ + d0 h2_ 
Return: 578
------------
Added gate: st_202
Input list: 46 170 
x_ + h2_ 
Return: 580
------------
Added gate: st_203
Input list: 60 82 36 58 72 140 20 148 170 46 92 42 
e0 p0 + s d0_ e0_ k0_ s1_ + k e0_ k0 s1 w1_ + s e0_ k0_ s1_ h2 + x e0_ k0_ s1_ h2 + e0_ k0 u0 s1_ h2 + k0_ p0 s1 w1 h2 + s d0_ e0_ k0 u0 s1_ + s d0_ k0_ p0 s1 w1 + s_ x_ e0_ u0 s1_ h2 + e0_ k0_ u0 s1 w1_ h2 + k s_ e0_ k0 s1_ h2_ + k d0 e0_ k0 s1_ h2_ + s_ v e0_ k0_ s1_ h2_ + v d0 e0_ k0_ s1_ h2_ + k s_ e0_ s1 w1_ h2_ + k d0 e0_ s1 w1_ h2_ + s d0_ e0_ k0_ u0 s1 w1_ 
Return: 582
------------
Added gate: st_204
Input list: 36 60 72 140 46 92 82 148 
s e0_ k0_ s1_ + x e0_ k0_ s1_ + e0_ k0 u0 s1_ + k0_ p0 s1 w1 + s_ x_ e0_ u0 s1_ + e0_ k0_ u0 s1 w1_ 
Return: 584
------------
Added gate: st_205
Input list: 36 72 140 46 92 148 
s k0_ s1_ + x k0_ s1_ + k0 u0 s1_ + s_ x_ u0 s1_ + k0_ u0 s1 w1_ 
Return: 586
------------
Added gate: st_206
Input list: 36 140 46 92 148 
s s1_ + x s1_ + u0 s1 w1_ 
Return: 588
------------
Added gate: st_207
Input list: 36 46 
s + x 
Return: 590
------------
Added gate: st_208
Input list: 60 158 72 126 140 148 36 170 46 84 58 110 
e0 b2 + e0_ k0 l1 s1 w1_ + s e0_ k0_ s1_ h2 + x e0_ k0_ s1_ h2 + e0_ k0 q0 s1_ h2 + k0_ s1 w1 b2 h2 + s d0_ e0_ k0 q0 s1_ + s d0_ k0_ s1 w1 b2 + s_ x_ e0_ q0 s1_ h2 + e0_ k0_ q0 s1 w1_ h2 + s_ e0_ k0_ d1 s1_ h2_ + d0 e0_ k0_ d1 s1_ h2_ + s_ e0_ k0 l1 s1_ h2_ + d0 e0_ k0 l1 s1_ h2_ + s_ e0_ l1 s1 w1_ h2_ + d0 e0_ l1 s1 w1_ h2_ + s d0_ e0_ k0_ q0 s1 w1_ 
Return: 592
------------
Added gate: st_209
Input list: 72 126 140 148 36 170 46 84 58 110 
k0 l1 s1 w1_ + s k0_ s1_ h2 + x k0_ s1_ h2 + k0 q0 s1_ h2 + s d0_ k0 q0 s1_ + s_ x_ q0 s1_ h2 + k0_ q0 s1 w1_ h2 + s_ k0_ d1 s1_ h2_ + d0 k0_ d1 s1_ h2_ + s_ k0 l1 s1_ h2_ + d0 k0 l1 s1_ h2_ + s_ l1 s1 w1_ h2_ + d0 l1 s1 w1_ h2_ + s d0_ k0_ q0 s1 w1_ 
Return: 594
------------
Added gate: st_210
Input list: 126 140 148 84 170 36 58 
l1 s1 w1_ + q0 s1_ h2 + s d0_ q0 s1_ + s_ l1 s1_ h2_ + d0 l1 s1_ h2_ 
Return: 596
------------
Added gate: st_211
Input list: 84 170 36 58 126 
q0 h2 + s d0_ q0 + s_ l1 h2_ + d0 l1 h2_ 
Return: 598
------------
Added gate: st_212
Input list: 170 36 58 
h2 + s d0_ 
Return: 600
------------
Added gate: st_213
Input list: 60 88 36 58 72 140 12 148 170 46 86 80 
e0 s0 + s d0_ e0_ k0_ s1_ + g e0_ k0 s1 w1_ + s e0_ k0_ s1_ h2 + x e0_ k0_ s1_ h2 + e0_ k0 r0 s1_ h2 + k0_ s0 s1 w1 h2 + s d0_ e0_ k0 r0 s1_ + s d0_ k0_ s0 s1 w1 + s_ x_ e0_ r0 s1_ h2 + e0_ k0_ r0 s1 w1_ h2 + g s_ e0_ k0 s1_ h2_ + g d0 e0_ k0 s1_ h2_ + s_ e0_ k0_ o0 s1_ h2_ + d0 e0_ k0_ o0 s1_ h2_ + g s_ e0_ s1 w1_ h2_ + g d0 e0_ s1 w1_ h2_ + s d0_ e0_ k0_ r0 s1 w1_ 
Return: 602
------------
Added gate: st_214
Input list: 36 60 72 140 46 86 88 148 
s e0_ k0_ s1_ + x e0_ k0_ s1_ + e0_ k0 r0 s1_ + k0_ s0 s1 w1 + s_ x_ e0_ r0 s1_ + e0_ k0_ r0 s1 w1_ 
Return: 604
------------
Added gate: st_215
Input list: 36 72 140 46 86 148 
s k0_ s1_ + x k0_ s1_ + k0 r0 s1_ + s_ x_ r0 s1_ + k0_ r0 s1 w1_ 
Return: 606
------------
Added gate: st_216
Input list: 36 140 46 86 148 
s s1_ + x s1_ + r0 s1 w1_ 
Return: 608
------------
Added gate: st_217
Input list: 36 46 
s + x 
Return: 610
------------
Added gate: st_218
Input list: 8 60 140 58 154 36 72 84 46 170 
e e0 s1 + d0 s1_ z1 + e0 s1_ z1 + s d0_ e0_ k0_ + e0_ k0 q0 s1 + s d0_ e0_ s1_ + s_ x_ s1_ z1 + s_ x_ e0_ q0 s1 + s e0_ k0_ s1 h2 + x e0_ k0_ s1 h2 + x d0_ e0_ s1_ h2 + s_ e0_ q0 s1 h2_ + d0 e0_ q0 s1 h2_ + s_ x d0_ e0_ q0 h2_ 
Return: 612
------------
Added gate: st_219
Input list: 8 60 72 84 36 46 170 58 
e e0 + e0_ k0 q0 + s_ x_ e0_ q0 + s e0_ k0_ h2 + x e0_ k0_ h2 + s_ e0_ q0 h2_ + d0 e0_ q0 h2_ 
Return: 614
------------
Added gate: st_220
Input list: 72 84 36 46 170 58 
k0 q0 + s_ x_ q0 + s k0_ h2 + x k0_ h2 + s_ q0 h2_ + d0 q0 h2_ 
Return: 616
------------
Added gate: st_221
Input list: 72 36 46 170 58 
k0 + s_ x_ + s_ h2_ + d0 h2_ 
Return: 618
------------
Added gate: st_222
Input list: 46 170 
x_ + h2_ 
Return: 620
------------
Added gate: st_223
Input list: 56 60 140 58 102 22 72 36 46 170 
c0 e0 s1 + d0 z0 s1_ + e0 z0 s1_ + l e0_ k0 s1 + s d0_ e0_ s1_ + s_ x_ z0 s1_ + l s_ x_ e0_ s1 + s d0_ e0_ k0_ s1 + s e0_ k0_ s1 h2 + x e0_ k0_ s1 h2 + x d0_ e0_ s1_ h2 + l s_ e0_ s1 h2_ + l d0 e0_ s1 h2_ + l s_ x d0_ e0_ h2_ 
Return: 622
------------
Added gate: st_224
Input list: 56 60 22 72 36 46 58 170 
c0 e0 + l e0_ k0 + l s_ x_ e0_ + s d0_ e0_ k0_ + s e0_ k0_ h2 + x e0_ k0_ h2 + l s_ e0_ h2_ + l d0 e0_ h2_ 
Return: 624
------------
Added gate: st_225
Input list: 22 72 36 46 58 170 
l k0 + l s_ x_ + s d0_ k0_ + s k0_ h2 + x k0_ h2 + l s_ h2_ + l d0 h2_ 
Return: 626
------------
Added gate: st_226
Input list: 72 36 46 170 58 
k0 + s_ x_ + s_ h2_ + d0 h2_ 
Return: 628
------------
Added gate: st_227
Input list: 46 170 
x_ + h2_ 
Return: 630
------------
Added gate: st_228
Input list: 60 132 36 58 72 140 42 148 6 170 46 88 
e0 o1 + s d0_ e0_ k0_ s1_ + v e0_ k0 s1 w1_ + d e0_ k0 s1_ h2 + s e0_ k0_ s1_ h2 + x e0_ k0_ s1_ h2 + k0_ o1 s1 w1 h2 + d s d0_ e0_ k0 s1_ + s d0_ k0_ o1 s1 w1 + d s_ x_ e0_ s1_ h2 + d e0_ k0_ s1 w1_ h2 + s_ v e0_ k0 s1_ h2_ + v d0 e0_ k0 s1_ h2_ + s_ e0_ k0_ s0 s1_ h2_ + d0 e0_ k0_ s0 s1_ h2_ + s_ v e0_ s1 w1_ h2_ + v d0 e0_ s1 w1_ h2_ + d s d0_ e0_ k0_ s1 w1_ 
Return: 632
------------
Added gate: st_229
Input list: 6 60 72 140 36 46 132 148 
d e0_ k0 s1_ + s e0_ k0_ s1_ + x e0_ k0_ s1_ + k0_ o1 s1 w1 + d s_ x_ e0_ s1_ + d e0_ k0_ s1 w1_ 
Return: 634
------------
Added gate: st_230
Input list: 6 72 140 36 46 148 
d k0 s1_ + s k0_ s1_ + x k0_ s1_ + d s_ x_ s1_ + d k0_ s1 w1_ 
Return: 636
------------
Added gate: st_231
Input list: 72 140 36 46 148 
k0 s1_ + s_ x_ s1_ + k0_ s1 w1_ 
Return: 638
------------
Added gate: st_232
Input list: 72 36 46 
k0 + s_ x_ 
Return: 640
------------
Added gate: st_233
Input list: 16 60 140 58 142 36 72 100 46 170 
i e0 s1 + d0 s1_ t1 + e0 s1_ t1 + s d0_ e0_ k0_ + e0_ k0 y0 s1 + s d0_ e0_ s1_ + s_ x_ s1_ t1 + s_ x_ e0_ y0 s1 + s e0_ k0_ s1 h2 + x e0_ k0_ s1 h2 + x d0_ e0_ s1_ h2 + s_ e0_ y0 s1 h2_ + d0 e0_ y0 s1 h2_ + s_ x d0_ e0_ y0 h2_ 
Return: 642
------------
Added gate: st_234
Input list: 16 60 72 100 36 46 170 58 
i e0 + e0_ k0 y0 + s_ x_ e0_ y0 + s e0_ k0_ h2 + x e0_ k0_ h2 + s_ e0_ y0 h2_ + d0 e0_ y0 h2_ 
Return: 644
------------
Added gate: st_235
Input list: 72 100 36 46 170 58 
k0 y0 + s_ x_ y0 + s k0_ h2 + x k0_ h2 + s_ y0 h2_ + d0 y0 h2_ 
Return: 646
------------
Added gate: st_236
Input list: 72 36 46 170 58 
k0 + s_ x_ + s_ h2_ + d0 h2_ 
Return: 648
------------
Added gate: st_237
Input list: 46 170 
x_ + h2_ 
Return: 650
------------
Added gate: st_238
Input list: 60 70 36 58 72 140 30 148 68 170 46 54 
e0 j0 + s d0_ e0_ k0_ s1_ + p e0_ k0 s1 w1_ + e0_ i0 k0 s1_ h2 + s e0_ k0_ s1_ h2 + x e0_ k0_ s1_ h2 + j0 k0_ s1 w1 h2 + s d0_ e0_ i0 k0 s1_ + s d0_ j0 k0_ s1 w1 + s_ x_ e0_ i0 s1_ h2 + e0_ i0 k0_ s1 w1_ h2 + p s_ e0_ k0 s1_ h2_ + p d0 e0_ k0 s1_ h2_ + s_ b0 e0_ k0_ s1_ h2_ + b0 d0 e0_ k0_ s1_ h2_ + p s_ e0_ s1 w1_ h2_ + p d0 e0_ s1 w1_ h2_ + s d0_ e0_ i0 k0_ s1 w1_ 
Return: 652
------------
Added gate: st_239
Input list: 60 68 72 140 36 46 70 148 
e0_ i0 k0 s1_ + s e0_ k0_ s1_ + x e0_ k0_ s1_ + j0 k0_ s1 w1 + s_ x_ e0_ i0 s1_ + e0_ i0 k0_ s1 w1_ 
Return: 654
------------
Added gate: st_240
Input list: 68 72 140 36 46 148 
i0 k0 s1_ + s k0_ s1_ + x k0_ s1_ + s_ x_ i0 s1_ + i0 k0_ s1 w1_ 
Return: 656
------------
Added gate: st_241
Input list: 72 140 36 46 148 
k0 s1_ + s_ x_ s1_ + k0_ s1 w1_ 
Return: 658
------------
Added gate: st_242
Input list: 72 36 46 
k0 + s_ x_ 
Return: 660
------------
Added gate: st_243
Input list: 60 136 36 58 72 140 54 148 170 46 98 82 
e0 q1 + s d0_ e0_ k0_ s1_ + b0 e0_ k0 s1 w1_ + s e0_ k0_ s1_ h2 + x e0_ k0_ s1_ h2 + e0_ k0 x0 s1_ h2 + k0_ q1 s1 w1 h2 + s d0_ e0_ k0 x0 s1_ + s d0_ k0_ q1 s1 w1 + s_ x_ e0_ x0 s1_ h2 + e0_ k0_ x0 s1 w1_ h2 + s_ b0 e0_ k0 s1_ h2_ + b0 d0 e0_ k0 s1_ h2_ + s_ e0_ k0_ p0 s1_ h2_ + d0 e0_ k0_ p0 s1_ h2_ + s_ b0 e0_ s1 w1_ h2_ + b0 d0 e0_ s1 w1_ h2_ + s d0_ e0_ k0_ x0 s1 w1_ 
Return: 662
------------
Added gate: st_244
Input list: 36 60 72 140 46 98 136 148 
s e0_ k0_ s1_ + x e0_ k0_ s1_ + e0_ k0 x0 s1_ + k0_ q1 s1 w1 + s_ x_ e0_ x0 s1_ + e0_ k0_ x0 s1 w1_ 
Return: 664
------------
Added gate: st_245
Input list: 36 72 140 46 98 148 
s k0_ s1_ + x k0_ s1_ + k0 x0 s1_ + s_ x_ x0 s1_ + k0_ x0 s1 w1_ 
Return: 666
------------
Added gate: st_246
Input list: 36 140 46 98 148 
s s1_ + x s1_ + x0 s1 w1_ 
Return: 668
------------
Added gate: st_247
Input list: 36 46 
s + x 
Return: 670
------------
Added gate: st_248
Input list: 60 74 48 72 140 148 36 170 46 86 58 134 
e0 l0 + y e0_ k0 s1 w1_ + s e0_ k0_ s1_ h2 + x e0_ k0_ s1_ h2 + e0_ k0 r0 s1_ h2 + k0_ l0 s1 w1 h2 + s d0_ e0_ k0 r0 s1_ + s d0_ k0_ l0 s1 w1 + s_ x_ e0_ r0 s1_ h2 + e0_ k0_ r0 s1 w1_ h2 + s_ y e0_ k0 s1_ h2_ + y d0 e0_ k0 s1_ h2_ + s_ e0_ k0_ p1 s1_ h2_ + d0 e0_ k0_ p1 s1_ h2_ + s_ y e0_ s1 w1_ h2_ + y d0 e0_ s1 w1_ h2_ + s d0_ e0_ k0_ r0 s1 w1_ 
Return: 672
------------
Added gate: st_249
Input list: 48 72 140 148 36 170 46 86 58 134 
y k0 s1 w1_ + s k0_ s1_ h2 + x k0_ s1_ h2 + k0 r0 s1_ h2 + s d0_ k0 r0 s1_ + s_ x_ r0 s1_ h2 + k0_ r0 s1 w1_ h2 + s_ y k0 s1_ h2_ + y d0 k0 s1_ h2_ + s_ k0_ p1 s1_ h2_ + d0 k0_ p1 s1_ h2_ + s_ y s1 w1_ h2_ + y d0 s1 w1_ h2_ + s d0_ k0_ r0 s1 w1_ 
Return: 674
------------
Added gate: st_250
Input list: 72 140 148 36 170 58 
k0 s1 w1_ + s_ k0 s1_ h2_ + d0 k0 s1_ h2_ + s_ s1 w1_ h2_ + d0 s1 w1_ h2_ 
Return: 676
------------
Added gate: st_251
Input list: 140 148 36 170 58 
s1 w1_ + s_ s1_ h2_ + d0 s1_ h2_ 
Return: 678
------------
Added gate: st_252
Input list: 140 170 
s1_ h2_ 
Return: 680
------------
Added gate: st_253
Input list: 36 58 
s_ + d0 
Return: 682
------------
Added gate: st_254
Input list: 60 78 36 58 72 140 10 148 170 46 164 168 
e0 n0 + s d0_ e0_ k0_ s1_ + f e0_ k0 s1 w1_ + s e0_ k0_ s1_ h2 + x e0_ k0_ s1_ h2 + k0_ n0 s1 w1 h2 + e0_ k0 s1_ e2 h2 + s d0_ k0_ n0 s1 w1 + s d0_ e0_ k0 s1_ e2 + s_ x_ e0_ s1_ e2 h2 + e0_ k0_ s1 w1_ e2 h2 + f s_ e0_ k0 s1_ h2_ + f d0 e0_ k0 s1_ h2_ + f s_ e0_ s1 w1_ h2_ + f d0 e0_ s1 w1_ h2_ + s_ e0_ k0_ s1_ g2 h2_ + d0 e0_ k0_ s1_ g2 h2_ + s d0_ e0_ k0_ s1 w1_ e2 
Return: 684
------------
Added gate: st_255
Input list: 36 60 72 140 46 78 148 164 
s e0_ k0_ s1_ + x e0_ k0_ s1_ + k0_ n0 s1 w1 + e0_ k0 s1_ e2 + s_ x_ e0_ s1_ e2 + e0_ k0_ s1 w1_ e2 
Return: 686
------------
Added gate: st_256
Input list: 36 72 140 46 164 148 
s k0_ s1_ + x k0_ s1_ + k0 s1_ e2 + s_ x_ s1_ e2 + k0_ s1 w1_ e2 
Return: 688
------------
Added gate: st_257
Input list: 36 140 46 148 164 
s s1_ + x s1_ + s1 w1_ e2 
Return: 690
------------
Added gate: st_258
Input list: 36 46 
s + x 
Return: 692
------------
Added gate: st_259
Input list: 60 80 36 58 72 140 50 148 52 170 46 4 
e0 o0 + s d0_ e0_ k0_ s1_ + z e0_ k0 s1 w1_ + a0 e0_ k0 s1_ h2 + s e0_ k0_ s1_ h2 + x e0_ k0_ s1_ h2 + k0_ o0 s1 w1 h2 + s a0 d0_ e0_ k0 s1_ + s d0_ k0_ o0 s1 w1 + s_ x_ a0 e0_ s1_ h2 + a0 e0_ k0_ s1 w1_ h2 + s_ z e0_ k0 s1_ h2_ + z d0 e0_ k0 s1_ h2_ + c s_ e0_ k0_ s1_ h2_ + c d0 e0_ k0_ s1_ h2_ + s_ z e0_ s1 w1_ h2_ + z d0 e0_ s1 w1_ h2_ + s a0 d0_ e0_ k0_ s1 w1_ 
Return: 694
------------
Added gate: st_260
Input list: 52 60 72 140 36 46 80 148 
a0 e0_ k0 s1_ + s e0_ k0_ s1_ + x e0_ k0_ s1_ + k0_ o0 s1 w1 + s_ x_ a0 e0_ s1_ + a0 e0_ k0_ s1 w1_ 
Return: 696
------------
Added gate: st_261
Input list: 52 72 140 36 46 148 
a0 k0 s1_ + s k0_ s1_ + x k0_ s1_ + s_ x_ a0 s1_ + a0 k0_ s1 w1_ 
Return: 698
------------
Added gate: st_262
Input list: 72 140 36 46 148 
k0 s1_ + s_ x_ s1_ + k0_ s1 w1_ 
Return: 700
------------
Added gate: st_263
Input list: 72 36 46 
k0 + s_ x_ 
Return: 702
------------
Added gate: st_264
Input list: 0 60 140 58 150 36 72 90 46 170 
a e0 s1 + d0 s1_ x1 + e0 s1_ x1 + s d0_ e0_ k0_ + e0_ k0 t0 s1 + s d0_ e0_ s1_ + s_ x_ s1_ x1 + s_ x_ e0_ t0 s1 + s e0_ k0_ s1 h2 + x e0_ k0_ s1 h2 + x d0_ e0_ s1_ h2 + s_ e0_ t0 s1 h2_ + d0 e0_ t0 s1 h2_ + s_ x d0_ e0_ t0 h2_ 
Return: 704
------------
Added gate: st_265
Input list: 0 60 72 90 36 46 170 58 
a e0 + e0_ k0 t0 + s_ x_ e0_ t0 + s e0_ k0_ h2 + x e0_ k0_ h2 + s_ e0_ t0 h2_ + d0 e0_ t0 h2_ 
Return: 706
------------
Added gate: st_266
Input list: 72 90 36 46 170 58 
k0 t0 + s_ x_ t0 + s k0_ h2 + x k0_ h2 + s_ t0 h2_ + d0 t0 h2_ 
Return: 708
------------
Added gate: st_267
Input list: 72 36 46 170 58 
k0 + s_ x_ + s_ h2_ + d0 h2_ 
Return: 710
------------
Added gate: st_268
Input list: 46 170 
x_ + h2_ 
Return: 712
------------
Added gate: st_269
Input list: 60 66 36 58 72 140 64 148 18 170 46 174 
e0 h0 + s d0_ e0_ k0_ s1_ + e0_ g0 k0 s1 w1_ + j e0_ k0 s1_ h2 + s e0_ k0_ s1_ h2 + x e0_ k0_ s1_ h2 + h0 k0_ s1 w1 h2 + j s d0_ e0_ k0 s1_ + s d0_ h0 k0_ s1 w1 + j s_ x_ e0_ s1_ h2 + j e0_ k0_ s1 w1_ h2 + s_ e0_ g0 k0 s1_ h2_ + d0 e0_ g0 k0 s1_ h2_ + s_ e0_ g0 s1 w1_ h2_ + d0 e0_ g0 s1 w1_ h2_ + s_ e0_ k0_ s1_ h2_ j2 + d0 e0_ k0_ s1_ h2_ j2 + j s d0_ e0_ k0_ s1 w1_ 
Return: 714
------------
Added gate: st_270
Input list: 18 60 72 140 36 46 66 148 
j e0_ k0 s1_ + s e0_ k0_ s1_ + x e0_ k0_ s1_ + h0 k0_ s1 w1 + j s_ x_ e0_ s1_ + j e0_ k0_ s1 w1_ 
Return: 716
------------
Added gate: st_271
Input list: 18 72 140 36 46 148 
j k0 s1_ + s k0_ s1_ + x k0_ s1_ + j s_ x_ s1_ + j k0_ s1 w1_ 
Return: 718
------------
Added gate: st_272
Input list: 72 140 36 46 148 
k0 s1_ + s_ x_ s1_ + k0_ s1 w1_ 
Return: 720
------------
Added gate: st_273
Input list: 72 36 46 
k0 + s_ x_ 
Return: 722
------------
Added gate: st_274
Input list: 42 60 140 58 152 12 72 36 46 170 
v e0 s1 + d0 s1_ y1 + e0 s1_ y1 + g e0_ k0 s1 + s d0_ e0_ s1_ + s_ x_ s1_ y1 + g s_ x_ e0_ s1 + s d0_ e0_ k0_ s1 + s e0_ k0_ s1 h2 + x e0_ k0_ s1 h2 + x d0_ e0_ s1_ h2 + g s_ e0_ s1 h2_ + g d0 e0_ s1 h2_ + g s_ x d0_ e0_ h2_ 
Return: 724
------------
Added gate: st_275
Input list: 42 60 12 72 36 46 58 170 
v e0 + g e0_ k0 + g s_ x_ e0_ + s d0_ e0_ k0_ + s e0_ k0_ h2 + x e0_ k0_ h2 + g s_ e0_ h2_ + g d0 e0_ h2_ 
Return: 726
------------
Added gate: st_276
Input list: 12 72 36 46 58 170 
g k0 + g s_ x_ + s d0_ k0_ + s k0_ h2 + x k0_ h2 + g s_ h2_ + g d0 h2_ 
Return: 728
------------
Added gate: st_277
Input list: 72 36 46 170 58 
k0 + s_ x_ + s_ h2_ + d0 h2_ 
Return: 730
------------
Added gate: st_278
Input list: 46 170 
x_ + h2_ 
Return: 732
------------
Added gate: st_279
Input list: 12 60 140 28 58 50 72 36 46 170 
g e0 s1 + o d0 s1_ + o e0 s1_ + z e0_ k0 s1 + o s_ x_ s1_ + s d0_ e0_ s1_ + s_ x_ z e0_ s1 + s d0_ e0_ k0_ s1 + s e0_ k0_ s1 h2 + x e0_ k0_ s1 h2 + x d0_ e0_ s1_ h2 + s_ z e0_ s1 h2_ + z d0 e0_ s1 h2_ + s_ x z d0_ e0_ h2_ 
Return: 734
------------
Added gate: st_280
Input list: 12 60 50 72 36 46 58 170 
g e0 + z e0_ k0 + s_ x_ z e0_ + s d0_ e0_ k0_ + s e0_ k0_ h2 + x e0_ k0_ h2 + s_ z e0_ h2_ + z d0 e0_ h2_ 
Return: 736
------------
Added gate: st_281
Input list: 50 72 36 46 58 170 
z k0 + s_ x_ z + s d0_ k0_ + s k0_ h2 + x k0_ h2 + s_ z h2_ + z d0 h2_ 
Return: 738
------------
Added gate: st_282
Input list: 72 36 46 170 58 
k0 + s_ x_ + s_ h2_ + d0 h2_ 
Return: 740
------------
Added gate: st_283
Input list: 46 170 
x_ + h2_ 
Return: 742
------------
Added gate: st_284
Input list: 60 92 36 58 72 140 148 168 170 46 156 66 
e0 u0 + s d0_ e0_ k0_ s1_ + e0_ k0 s1 w1_ g2 + s e0_ k0_ s1_ h2 + x e0_ k0_ s1_ h2 + k0_ u0 s1 w1 h2 + e0_ k0 s1_ a2 h2 + s d0_ k0_ u0 s1 w1 + s d0_ e0_ k0 s1_ a2 + s_ x_ e0_ s1_ a2 h2 + e0_ k0_ s1 w1_ a2 h2 + s_ e0_ h0 k0_ s1_ h2_ + d0 e0_ h0 k0_ s1_ h2_ + s_ e0_ k0 s1_ g2 h2_ + d0 e0_ k0 s1_ g2 h2_ + s_ e0_ s1 w1_ g2 h2_ + d0 e0_ s1 w1_ g2 h2_ + s d0_ e0_ k0_ s1 w1_ a2 
Return: 744
------------
Added gate: st_285
Input list: 36 60 72 140 46 92 148 156 
s e0_ k0_ s1_ + x e0_ k0_ s1_ + k0_ u0 s1 w1 + e0_ k0 s1_ a2 + s_ x_ e0_ s1_ a2 + e0_ k0_ s1 w1_ a2 
Return: 746
------------
Added gate: st_286
Input list: 36 72 140 46 156 148 
s k0_ s1_ + x k0_ s1_ + k0 s1_ a2 + s_ x_ s1_ a2 + k0_ s1 w1_ a2 
Return: 748
------------
Added gate: st_287
Input list: 36 140 46 148 156 
s s1_ + x s1_ + s1 w1_ a2 
Return: 750
------------
Added gate: st_288
Input list: 36 46 
s + x 
Return: 752
------------
Added gate: st_289
Input list: 4 60 140 2 58 38 72 36 46 170 
c e0 s1 + b d0 s1_ + b e0 s1_ + t e0_ k0 s1 + b s_ x_ s1_ + s d0_ e0_ s1_ + s_ t x_ e0_ s1 + s d0_ e0_ k0_ s1 + s e0_ k0_ s1 h2 + x e0_ k0_ s1 h2 + x d0_ e0_ s1_ h2 + s_ t e0_ s1 h2_ + t d0 e0_ s1 h2_ + s_ t x d0_ e0_ h2_ 
Return: 754
------------
Added gate: st_290
Input list: 4 60 38 72 36 46 58 170 
c e0 + t e0_ k0 + s_ t x_ e0_ + s d0_ e0_ k0_ + s e0_ k0_ h2 + x e0_ k0_ h2 + s_ t e0_ h2_ + t d0 e0_ h2_ 
Return: 756
------------
Added gate: st_291
Input list: 38 72 36 46 58 170 
t k0 + s_ t x_ + s d0_ k0_ + s k0_ h2 + x k0_ h2 + s_ t h2_ + t d0 h2_ 
Return: 758
------------
Added gate: st_292
Input list: 72 36 46 170 58 
k0 + s_ x_ + s_ h2_ + d0 h2_ 
Return: 760
------------
Added gate: st_293
Input list: 46 170 
x_ + h2_ 
Return: 762
------------
Added gate: st_294
Input list: 60 68 36 58 72 140 38 148 40 170 46 78 
e0 i0 + s d0_ e0_ k0_ s1_ + t e0_ k0 s1 w1_ + u e0_ k0 s1_ h2 + s e0_ k0_ s1_ h2 + x e0_ k0_ s1_ h2 + i0 k0_ s1 w1 h2 + s u d0_ e0_ k0 s1_ + s d0_ i0 k0_ s1 w1 + s_ u x_ e0_ s1_ h2 + u e0_ k0_ s1 w1_ h2 + s_ t e0_ k0 s1_ h2_ + t d0 e0_ k0 s1_ h2_ + s_ e0_ k0_ n0 s1_ h2_ + d0 e0_ k0_ n0 s1_ h2_ + s_ t e0_ s1 w1_ h2_ + t d0 e0_ s1 w1_ h2_ + s u d0_ e0_ k0_ s1 w1_ 
Return: 764
------------
Added gate: st_295
Input list: 40 60 72 140 36 46 68 148 
u e0_ k0 s1_ + s e0_ k0_ s1_ + x e0_ k0_ s1_ + i0 k0_ s1 w1 + s_ u x_ e0_ s1_ + u e0_ k0_ s1 w1_ 
Return: 766
------------
Added gate: st_296
Input list: 40 72 140 36 46 148 
u k0 s1_ + s k0_ s1_ + x k0_ s1_ + s_ u x_ s1_ + u k0_ s1 w1_ 
Return: 768
------------
Added gate: st_297
Input list: 72 140 36 46 148 
k0 s1_ + s_ x_ s1_ + k0_ s1 w1_ 
Return: 770
------------
Added gate: st_298
Input list: 72 36 46 
k0 + s_ x_ 
Return: 772
------------
Added gate: st_299
Input list: 30 60 140 58 164 36 72 156 46 170 
p e0 s1 + d0 s1_ e2 + e0 s1_ e2 + s d0_ e0_ s1_ + e0_ k0 s1 a2 + s_ x_ s1_ e2 + s d0_ e0_ k0_ s1 + s_ x_ e0_ s1 a2 + s e0_ k0_ s1 h2 + x e0_ k0_ s1 h2 + x d0_ e0_ s1_ h2 + s_ e0_ s1 a2 h2_ + d0 e0_ s1 a2 h2_ + s_ x d0_ e0_ a2 h2_ 
Return: 774
------------
Added gate: st_300
Input list: 30 60 72 156 36 58 46 170 
p e0 + e0_ k0 a2 + s d0_ e0_ k0_ + s_ x_ e0_ a2 + s e0_ k0_ h2 + x e0_ k0_ h2 + s_ e0_ a2 h2_ + d0 e0_ a2 h2_ 
Return: 776
------------
Added gate: st_301
Input list: 72 156 36 58 46 170 
k0 a2 + s d0_ k0_ + s_ x_ a2 + s k0_ h2 + x k0_ h2 + s_ a2 h2_ + d0 a2 h2_ 
Return: 778
------------
Added gate: st_302
Input list: 72 36 46 170 58 
k0 + s_ x_ + s_ h2_ + d0 h2_ 
Return: 780
------------
Added gate: st_303
Input list: 46 170 
x_ + h2_ 
Return: 782
------------
Added gate: st_304
Input list: 60 102 36 58 72 140 148 160 50 170 46 40 
e0 z0 + s d0_ e0_ k0_ s1_ + e0_ k0 s1 w1_ c2 + z e0_ k0 s1_ h2 + s e0_ k0_ s1_ h2 + x e0_ k0_ s1_ h2 + k0_ z0 s1 w1 h2 + s z d0_ e0_ k0 s1_ + s d0_ k0_ z0 s1 w1 + s_ x_ z e0_ s1_ h2 + z e0_ k0_ s1 w1_ h2 + s_ u e0_ k0_ s1_ h2_ + u d0 e0_ k0_ s1_ h2_ + s_ e0_ k0 s1_ c2 h2_ + d0 e0_ k0 s1_ c2 h2_ + s_ e0_ s1 w1_ c2 h2_ + d0 e0_ s1 w1_ c2 h2_ + s z d0_ e0_ k0_ s1 w1_ 
Return: 784
------------
Added gate: st_305
Input list: 50 60 72 140 36 46 102 148 
z e0_ k0 s1_ + s e0_ k0_ s1_ + x e0_ k0_ s1_ + k0_ z0 s1 w1 + s_ x_ z e0_ s1_ + z e0_ k0_ s1 w1_ 
Return: 786
------------
Added gate: st_306
Input list: 50 72 140 36 46 148 
z k0 s1_ + s k0_ s1_ + x k0_ s1_ + s_ x_ z s1_ + z k0_ s1 w1_ 
Return: 788
------------
Added gate: st_307
Input list: 72 140 36 46 148 
k0 s1_ + s_ x_ s1_ + k0_ s1 w1_ 
Return: 790
------------
Added gate: st_308
Input list: 72 36 46 
k0 + s_ x_ 
Return: 792
------------
Added gate: st_309
Input list: 20 60 140 18 58 36 46 72 152 170 
k e0 s1 + j d0 s1_ + j e0 s1_ + j s_ x_ s1_ + s d0_ e0_ s1_ + e0_ k0 s1 y1 + s d0_ e0_ k0_ s1 + s_ x_ e0_ s1 y1 + s e0_ k0_ s1 h2 + x e0_ k0_ s1 h2 + x d0_ e0_ s1_ h2 + s_ e0_ s1 y1 h2_ + d0 e0_ s1 y1 h2_ + s_ x d0_ e0_ y1 h2_ 
Return: 794
------------
Added gate: st_310
Input list: 20 60 72 152 36 58 46 170 
k e0 + e0_ k0 y1 + s d0_ e0_ k0_ + s_ x_ e0_ y1 + s e0_ k0_ h2 + x e0_ k0_ h2 + s_ e0_ y1 h2_ + d0 e0_ y1 h2_ 
Return: 796
------------
Added gate: st_311
Input list: 72 152 36 58 46 170 
k0 y1 + s d0_ k0_ + s_ x_ y1 + s k0_ h2 + x k0_ h2 + s_ y1 h2_ + d0 y1 h2_ 
Return: 798
------------
Added gate: st_312
Input list: 72 36 46 170 58 
k0 + s_ x_ + s_ h2_ + d0 h2_ 
Return: 800
------------
Added gate: st_313
Input list: 46 170 
x_ + h2_ 
Return: 802
------------
Added gate: st_314
Input list: 60 86 36 58 72 140 170 46 148 152 174 52 
e0 r0 + s d0_ e0_ k0_ s1_ + s e0_ k0_ s1_ h2 + x e0_ k0_ s1_ h2 + k0_ r0 s1 w1 h2 + e0_ k0 s1_ y1 h2 + e0_ k0 s1 w1_ j2 + s d0_ k0_ r0 s1 w1 + s d0_ e0_ k0 s1_ y1 + s_ x_ e0_ s1_ y1 h2 + e0_ k0_ s1 w1_ y1 h2 + s_ a0 e0_ k0_ s1_ h2_ + a0 d0 e0_ k0_ s1_ h2_ + s_ e0_ k0 s1_ h2_ j2 + d0 e0_ k0 s1_ h2_ j2 + s_ e0_ s1 w1_ h2_ j2 + d0 e0_ s1 w1_ h2_ j2 + s d0_ e0_ k0_ s1 w1_ y1 
Return: 804
------------
Added gate: st_315
Input list: 36 60 72 140 46 86 148 152 
s e0_ k0_ s1_ + x e0_ k0_ s1_ + k0_ r0 s1 w1 + e0_ k0 s1_ y1 + s_ x_ e0_ s1_ y1 + e0_ k0_ s1 w1_ y1 
Return: 806
------------
Added gate: st_316
Input list: 36 72 140 46 152 148 
s k0_ s1_ + x k0_ s1_ + k0 s1_ y1 + s_ x_ s1_ y1 + k0_ s1 w1_ y1 
Return: 808
------------
Added gate: st_317
Input list: 36 140 46 148 152 
s s1_ + x s1_ + s1 w1_ y1 
Return: 810
------------
Added gate: st_318
Input list: 36 46 
s + x 
Return: 812
------------
Optimized literal count: 1980
