Original literal count: 52
Added gate: st_0
Input list: 2 6 8 
b d e 
Return: 28
------------
Added gate: st_1
Input list: 0 4 18 16 12 20 14 
a_ c j + a_ c_ i j + a_ c_ g j_ + a c j k + a c_ h i j 
Return: 30
------------
Added gate: st_2
Input list: 4 18 16 12 
c j + c_ i j + c_ g j_ 
Return: 32
------------
Added gate: st_3
Input list: 4 16 
c + c_ i 
Return: 34
------------
Added gate: st_4
Input list: 4 6 8 24 22 26 12 14 
c d e m + d_ e_ l_ n_ + c d_ e g h n_ 
Return: 36
------------
Added gate: st_5
Input list: 4 8 
c e 
Return: 38
------------
Added gate: st_6
Input list: 6 24 12 14 26 
d m + d_ g h n_ 
Return: 40
------------
Optimized literal count: 49
